[2024-06-03 17:22:22.122]  INFO 25152 --- [   File Watcher] rtingClassPathChangeChangedEventListener : Restarting due to 1 class path change (0 additions, 0 deletions, 1 modification)
[2024-06-03 17:22:22.147]  INFO 25152 --- [       Thread-5] o.a.c.h.Http11NioProtocol                : Pausing ProtocolHandler ["http-nio-8060"]
[2024-06-03 17:22:22.148]  INFO 25152 --- [       Thread-5] o.a.c.c.StandardService                  : Stopping service [Tomcat]
[2024-06-03 17:22:22.149]  INFO 25152 --- [       Thread-5] o.a.c.c.C.[.[.[/]                        : Destroying Spring FrameworkServlet 'dispatcherServlet'
[2024-06-03 17:22:22.150]  WARN 25152 --- [       Thread-5] o.a.c.c.C.[.[.[/]                        : Cannot serialize session attribute [cartMap] for session [731744A4BF66A43CE76C477C8BB300EA]

java.io.NotSerializableException: com.webtoonBoot.cart.vo.CartVO
	at java.io.ObjectOutputStream.writeObject0(ObjectOutputStream.java:1187) ~[?:?]
	at java.io.ObjectOutputStream.writeObject(ObjectOutputStream.java:350) ~[?:?]
	at java.util.ArrayList.writeObject(ArrayList.java:866) ~[?:?]
	at jdk.internal.reflect.NativeMethodAccessorImpl.invoke0(Native Method) ~[?:?]
	at jdk.internal.reflect.NativeMethodAccessorImpl.invoke(NativeMethodAccessorImpl.java:77) ~[?:?]
	at jdk.internal.reflect.DelegatingMethodAccessorImpl.invoke(DelegatingMethodAccessorImpl.java:43) ~[?:?]
	at java.lang.reflect.Method.invoke(Method.java:568) ~[?:?]
	at java.io.ObjectStreamClass.invokeWriteObject(ObjectStreamClass.java:1070) ~[?:?]
	at java.io.ObjectOutputStream.writeSerialData(ObjectOutputStream.java:1516) ~[?:?]
	at java.io.ObjectOutputStream.writeOrdinaryObject(ObjectOutputStream.java:1438) ~[?:?]
	at java.io.ObjectOutputStream.writeObject0(ObjectOutputStream.java:1181) ~[?:?]
	at java.io.ObjectOutputStream.writeObject(ObjectOutputStream.java:350) ~[?:?]
	at java.util.HashMap.internalWriteEntries(HashMap.java:1944) ~[?:?]
	at java.util.HashMap.writeObject(HashMap.java:1497) ~[?:?]
	at jdk.internal.reflect.NativeMethodAccessorImpl.invoke0(Native Method) ~[?:?]
	at jdk.internal.reflect.NativeMethodAccessorImpl.invoke(NativeMethodAccessorImpl.java:77) ~[?:?]
	at jdk.internal.reflect.DelegatingMethodAccessorImpl.invoke(DelegatingMethodAccessorImpl.java:43) ~[?:?]
	at java.lang.reflect.Method.invoke(Method.java:568) ~[?:?]
	at java.io.ObjectStreamClass.invokeWriteObject(ObjectStreamClass.java:1070) ~[?:?]
	at java.io.ObjectOutputStream.writeSerialData(ObjectOutputStream.java:1516) ~[?:?]
	at java.io.ObjectOutputStream.writeOrdinaryObject(ObjectOutputStream.java:1438) ~[?:?]
	at java.io.ObjectOutputStream.writeObject0(ObjectOutputStream.java:1181) ~[?:?]
	at java.io.ObjectOutputStream.writeObject(ObjectOutputStream.java:350) ~[?:?]
	at org.apache.catalina.session.StandardSession.doWriteObject(StandardSession.java:1526) ~[tomcat-embed-core-10.1.19.jar:10.1.19]
	at org.apache.catalina.session.StandardSession.writeObjectData(StandardSession.java:1000) ~[tomcat-embed-core-10.1.19.jar:10.1.19]
	at org.apache.catalina.session.StandardManager.doUnload(StandardManager.java:307) ~[tomcat-embed-core-10.1.19.jar:10.1.19]
	at org.apache.catalina.session.StandardManager.unload(StandardManager.java:259) ~[tomcat-embed-core-10.1.19.jar:10.1.19]
	at org.apache.catalina.session.StandardManager.stopInternal(StandardManager.java:374) ~[tomcat-embed-core-10.1.19.jar:10.1.19]
	at org.apache.catalina.util.LifecycleBase.stop(LifecycleBase.java:242) ~[tomcat-embed-core-10.1.19.jar:10.1.19]
	at org.apache.catalina.core.StandardContext.stopInternal(StandardContext.java:5105) ~[tomcat-embed-core-10.1.19.jar:10.1.19]
	at org.apache.catalina.util.LifecycleBase.stop(LifecycleBase.java:242) ~[tomcat-embed-core-10.1.19.jar:10.1.19]
	at org.apache.catalina.core.ContainerBase$StopChild.call(ContainerBase.java:1348) ~[tomcat-embed-core-10.1.19.jar:10.1.19]
	at org.apache.catalina.core.ContainerBase$StopChild.call(ContainerBase.java:1337) ~[tomcat-embed-core-10.1.19.jar:10.1.19]
	at java.util.concurrent.FutureTask.run(FutureTask.java:264) ~[?:?]
	at org.apache.tomcat.util.threads.InlineExecutorService.execute(InlineExecutorService.java:75) ~[tomcat-embed-core-10.1.19.jar:10.1.19]
	at java.util.concurrent.AbstractExecutorService.submit(AbstractExecutorService.java:145) ~[?:?]
	at org.apache.catalina.core.ContainerBase.stopInternal(ContainerBase.java:931) ~[tomcat-embed-core-10.1.19.jar:10.1.19]
	at org.apache.catalina.util.LifecycleBase.stop(LifecycleBase.java:242) ~[tomcat-embed-core-10.1.19.jar:10.1.19]
	at org.apache.catalina.core.ContainerBase$StopChild.call(ContainerBase.java:1348) ~[tomcat-embed-core-10.1.19.jar:10.1.19]
	at org.apache.catalina.core.ContainerBase$StopChild.call(ContainerBase.java:1337) ~[tomcat-embed-core-10.1.19.jar:10.1.19]
	at java.util.concurrent.FutureTask.run(FutureTask.java:264) ~[?:?]
	at org.apache.tomcat.util.threads.InlineExecutorService.execute(InlineExecutorService.java:75) ~[tomcat-embed-core-10.1.19.jar:10.1.19]
	at java.util.concurrent.AbstractExecutorService.submit(AbstractExecutorService.java:145) ~[?:?]
	at org.apache.catalina.core.ContainerBase.stopInternal(ContainerBase.java:931) ~[tomcat-embed-core-10.1.19.jar:10.1.19]
	at org.apache.catalina.util.LifecycleBase.stop(LifecycleBase.java:242) ~[tomcat-embed-core-10.1.19.jar:10.1.19]
	at org.apache.catalina.core.StandardService.stopInternal(StandardService.java:496) ~[tomcat-embed-core-10.1.19.jar:10.1.19]
	at org.apache.catalina.util.LifecycleBase.stop(LifecycleBase.java:242) ~[tomcat-embed-core-10.1.19.jar:10.1.19]
	at org.apache.catalina.core.StandardServer.stopInternal(StandardServer.java:974) ~[tomcat-embed-core-10.1.19.jar:10.1.19]
	at org.apache.catalina.util.LifecycleBase.stop(LifecycleBase.java:242) ~[tomcat-embed-core-10.1.19.jar:10.1.19]
	at org.apache.catalina.startup.Tomcat.stop(Tomcat.java:447) ~[tomcat-embed-core-10.1.19.jar:10.1.19]
	at org.springframework.boot.web.embedded.tomcat.TomcatWebServer.stopTomcat(TomcatWebServer.java:273) ~[spring-boot-3.1.10.jar:3.1.10]
	at org.springframework.boot.web.embedded.tomcat.TomcatWebServer.stop(TomcatWebServer.java:331) ~[spring-boot-3.1.10.jar:3.1.10]
	at org.springframework.boot.web.servlet.context.WebServerStartStopLifecycle.stop(WebServerStartStopLifecycle.java:53) ~[spring-boot-3.1.10.jar:3.1.10]
	at org.springframework.context.SmartLifecycle.stop(SmartLifecycle.java:117) ~[spring-context-6.0.18.jar:6.0.18]
	at org.springframework.context.support.DefaultLifecycleProcessor.doStop(DefaultLifecycleProcessor.java:239) ~[spring-context-6.0.18.jar:6.0.18]
	at org.springframework.context.support.DefaultLifecycleProcessor$LifecycleGroup.stop(DefaultLifecycleProcessor.java:380) ~[spring-context-6.0.18.jar:6.0.18]
	at org.springframework.context.support.DefaultLifecycleProcessor.stopBeans(DefaultLifecycleProcessor.java:211) ~[spring-context-6.0.18.jar:6.0.18]
	at org.springframework.context.support.DefaultLifecycleProcessor.onClose(DefaultLifecycleProcessor.java:134) ~[spring-context-6.0.18.jar:6.0.18]
	at org.springframework.context.support.AbstractApplicationContext.doClose(AbstractApplicationContext.java:1078) ~[spring-context-6.0.18.jar:6.0.18]
	at org.springframework.boot.web.servlet.context.ServletWebServerApplicationContext.doClose(ServletWebServerApplicationContext.java:173) ~[spring-boot-3.1.10.jar:3.1.10]
	at org.springframework.context.support.AbstractApplicationContext.close(AbstractApplicationContext.java:1037) ~[spring-context-6.0.18.jar:6.0.18]
	at org.springframework.boot.devtools.restart.Restarter.stop(Restarter.java:308) ~[spring-boot-devtools-3.1.10.jar:3.1.10]
	at org.springframework.boot.devtools.restart.Restarter.lambda$restart$1(Restarter.java:250) ~[spring-boot-devtools-3.1.10.jar:3.1.10]
	at org.springframework.boot.devtools.restart.Restarter$LeakSafeThread.run(Restarter.java:614) [spring-boot-devtools-3.1.10.jar:3.1.10]

[2024-06-03 17:22:22.157]  INFO 25152 --- [       Thread-5] o.a.c.h.Http11NioProtocol                : Stopping ProtocolHandler ["http-nio-8060"]
[2024-06-03 17:22:22.159]  INFO 25152 --- [       Thread-5] o.a.c.h.Http11NioProtocol                : Destroying ProtocolHandler ["http-nio-8060"]
[2024-06-03 17:22:22.163]  INFO 25152 --- [       Thread-5] j.LocalContainerEntityManagerFactoryBean : Closing JPA EntityManagerFactory for persistence unit 'default'
[2024-06-03 17:22:22.165]  INFO 25152 --- [       Thread-5] c.z.h.HikariDataSource                   : HikariPool-1 - Shutdown initiated...
[2024-06-03 17:22:22.168]  INFO 25152 --- [       Thread-5] c.z.h.HikariDataSource                   : HikariPool-1 - Shutdown completed.
[2024-06-03 17:22:22.267]  INFO 25152 --- [  restartedMain] c.w.WebtoonBootCafe24Application         : Starting WebtoonBootCafe24Application using Java 17.0.10 with PID 25152 (C:\Users\home\Desktop\isc\isc_new\workspace\sts-4.22_workspace\webtoonBoot_cafe24\bin\main started by home in C:\Users\home\Desktop\isc\isc_new\workspace\sts-4.22_workspace\webtoonBoot_cafe24)
[2024-06-03 17:22:22.267]  INFO 25152 --- [  restartedMain] c.w.WebtoonBootCafe24Application         : No active profile set, falling back to 1 default profile: "default"
[2024-06-03 17:22:22.454]  INFO 25152 --- [  restartedMain] .s.d.r.c.RepositoryConfigurationDelegate : Bootstrapping Spring Data JPA repositories in DEFAULT mode.
[2024-06-03 17:22:22.473]  INFO 25152 --- [  restartedMain] .s.d.r.c.RepositoryConfigurationDelegate : Finished Spring Data repository scanning in 18 ms. Found 0 JPA repository interfaces.
[2024-06-03 17:22:22.515]  WARN 25152 --- [  restartedMain] o.m.s.m.ClassPathMapperScanner           : No MyBatis mapper was found in '[com.webtoonBoot]' package. Please check your configuration.
[2024-06-03 17:22:22.565]  INFO 25152 --- [  restartedMain] o.s.b.w.e.t.TomcatWebServer              : Tomcat initialized with port(s): 8060 (http)
[2024-06-03 17:22:22.566]  INFO 25152 --- [  restartedMain] o.a.c.h.Http11NioProtocol                : Initializing ProtocolHandler ["http-nio-8060"]
[2024-06-03 17:22:22.566]  INFO 25152 --- [  restartedMain] o.a.c.c.StandardService                  : Starting service [Tomcat]
[2024-06-03 17:22:22.566]  INFO 25152 --- [  restartedMain] o.a.c.c.StandardEngine                   : Starting Servlet engine: [Apache Tomcat/10.1.19]
[2024-06-03 17:22:22.731]  INFO 25152 --- [  restartedMain] o.a.j.s.TldScanner                       : At least one JAR was scanned for TLDs yet contained no TLDs. Enable debug logging for this logger for a complete list of JARs that were scanned but no TLDs were found in them. Skipping unneeded JARs during scanning can improve startup time and JSP compilation time.
[2024-06-03 17:22:22.738]  INFO 25152 --- [  restartedMain] o.a.c.c.C.[.[.[/]                        : Initializing Spring embedded WebApplicationContext
[2024-06-03 17:22:22.738]  INFO 25152 --- [  restartedMain] w.s.c.ServletWebServerApplicationContext : Root WebApplicationContext: initialization completed in 469 ms
[2024-06-03 17:22:22.755]  INFO 25152 --- [  restartedMain] c.z.h.HikariDataSource                   : HikariPool-2 - Starting...
[2024-06-03 17:22:22.761]  INFO 25152 --- [  restartedMain] c.z.h.p.HikariPool                       : HikariPool-2 - Added connection org.mariadb.jdbc.Connection@553601dd
[2024-06-03 17:22:22.762]  INFO 25152 --- [  restartedMain] c.z.h.HikariDataSource                   : HikariPool-2 - Start completed.
[2024-06-03 17:22:22.762]  INFO 25152 --- [  restartedMain] o.s.b.a.h.H2ConsoleAutoConfiguration     : H2 console available at '/h2-console'. Database available at 'jdbc:mariadb://localhost/webtoonBoot?user=root&password=***&serverTimezone=UTC&characterEncoding=UTF-8&createDatabaseIfNotExist=true'
[2024-06-03 17:22:22.779]  WARN 25152 --- [  restartedMain] o.a.c.c.C.[.[.[/]                        : Cannot deserialize session attribute [cartMap] for session [731744A4BF66A43CE76C477C8BB300EA]
[2024-06-03 17:22:22.801]  INFO 25152 --- [  restartedMain] o.h.j.i.u.LogHelper                      : HHH000204: Processing PersistenceUnitInfo [name: default]
[2024-06-03 17:22:22.808]  INFO 25152 --- [  restartedMain] o.s.o.j.p.SpringPersistenceUnitInfo      : No LoadTimeWeaver setup: ignoring JPA class transformer
[2024-06-03 17:22:22.809]  WARN 25152 --- [  restartedMain] o.h.d.Dialect                            : HHH000511: The 10.1.0 version for [org.hibernate.dialect.MariaDBDialect] is no longer supported, hence certain features may not work properly. The minimum supported version is 10.3.0. Check the community dialects project for available legacy versions.
[2024-06-03 17:22:22.820]  INFO 25152 --- [  restartedMain] o.h.e.t.j.p.i.JtaPlatformInitiator       : HHH000489: No JTA platform available (set 'hibernate.transaction.jta.platform' to enable JTA platform integration)
[2024-06-03 17:22:22.821]  INFO 25152 --- [  restartedMain] j.LocalContainerEntityManagerFactoryBean : Initialized JPA EntityManagerFactory for persistence unit 'default'
[2024-06-03 17:22:22.963]  WARN 25152 --- [  restartedMain] JpaBaseConfiguration$JpaWebConfiguration : spring.jpa.open-in-view is enabled by default. Therefore, database queries may be performed during view rendering. Explicitly configure spring.jpa.open-in-view to disable this warning
[2024-06-03 17:22:23.042]  INFO 25152 --- [  restartedMain] o.s.b.d.a.OptionalLiveReloadServer       : LiveReload server is running on port 35729
[2024-06-03 17:22:23.051]  INFO 25152 --- [  restartedMain] o.a.c.h.Http11NioProtocol                : Starting ProtocolHandler ["http-nio-8060"]
[2024-06-03 17:22:23.056]  INFO 25152 --- [  restartedMain] o.s.b.w.e.t.TomcatWebServer              : Tomcat started on port(s): 8060 (http) with context path ''
[2024-06-03 17:22:23.059]  INFO 25152 --- [  restartedMain] c.w.WebtoonBootCafe24Application         : Started WebtoonBootCafe24Application in 0.836 seconds (process running for 62.313)
[2024-06-03 17:22:23.060]  INFO 25152 --- [  restartedMain] .ConditionEvaluationDeltaLoggingListener : Condition evaluation unchanged
