[2024-05-21 16:01:38.328]  INFO 2732 --- [   File Watcher] rtingClassPathChangeChangedEventListener : Restarting due to 1 class path change (0 additions, 0 deletions, 1 modification)
[2024-05-21 16:01:38.351]  INFO 2732 --- [       Thread-5] o.a.c.h.Http11NioProtocol                : Pausing ProtocolHandler ["http-nio-8060"]
[2024-05-21 16:01:38.352]  INFO 2732 --- [       Thread-5] o.a.c.c.StandardService                  : Stopping service [Tomcat]
[2024-05-21 16:01:38.353]  INFO 2732 --- [       Thread-5] o.a.c.c.C.[.[.[/]                        : Destroying Spring FrameworkServlet 'dispatcherServlet'
[2024-05-21 16:01:38.357]  INFO 2732 --- [       Thread-5] o.a.c.h.Http11NioProtocol                : Stopping ProtocolHandler ["http-nio-8060"]
[2024-05-21 16:01:38.358]  INFO 2732 --- [       Thread-5] o.a.c.h.Http11NioProtocol                : Destroying ProtocolHandler ["http-nio-8060"]
[2024-05-21 16:01:38.362]  INFO 2732 --- [       Thread-5] j.LocalContainerEntityManagerFactoryBean : Closing JPA EntityManagerFactory for persistence unit 'default'
[2024-05-21 16:01:38.364]  INFO 2732 --- [       Thread-5] c.z.h.HikariDataSource                   : HikariPool-1 - Shutdown initiated...
[2024-05-21 16:01:38.367]  INFO 2732 --- [       Thread-5] c.z.h.HikariDataSource                   : HikariPool-1 - Shutdown completed.
[2024-05-21 16:01:38.452]  INFO 2732 --- [  restartedMain] c.w.WebtoonBootCafe24Application         : Starting WebtoonBootCafe24Application using Java 17.0.10 with PID 2732 (C:\Users\home\Desktop\isc\isc_new\workspace\sts-4.22_workspace\webtoonBoot_cafe24\bin\main started by home in C:\Users\home\Desktop\isc\isc_new\workspace\sts-4.22_workspace\webtoonBoot_cafe24)
[2024-05-21 16:01:38.453]  INFO 2732 --- [  restartedMain] c.w.WebtoonBootCafe24Application         : No active profile set, falling back to 1 default profile: "default"
[2024-05-21 16:01:38.611]  INFO 2732 --- [  restartedMain] .s.d.r.c.RepositoryConfigurationDelegate : Bootstrapping Spring Data JPA repositories in DEFAULT mode.
[2024-05-21 16:01:38.622]  INFO 2732 --- [  restartedMain] .s.d.r.c.RepositoryConfigurationDelegate : Finished Spring Data repository scanning in 9 ms. Found 0 JPA repository interfaces.
[2024-05-21 16:01:38.645]  WARN 2732 --- [  restartedMain] o.m.s.m.ClassPathMapperScanner           : No MyBatis mapper was found in '[com.webtoonBoot]' package. Please check your configuration.
[2024-05-21 16:01:38.684]  INFO 2732 --- [  restartedMain] o.s.b.w.e.t.TomcatWebServer              : Tomcat initialized with port(s): 8060 (http)
[2024-05-21 16:01:38.685]  INFO 2732 --- [  restartedMain] o.a.c.h.Http11NioProtocol                : Initializing ProtocolHandler ["http-nio-8060"]
[2024-05-21 16:01:38.685]  INFO 2732 --- [  restartedMain] o.a.c.c.StandardService                  : Starting service [Tomcat]
[2024-05-21 16:01:38.685]  INFO 2732 --- [  restartedMain] o.a.c.c.StandardEngine                   : Starting Servlet engine: [Apache Tomcat/10.1.19]
[2024-05-21 16:01:38.803]  INFO 2732 --- [  restartedMain] o.a.j.s.TldScanner                       : At least one JAR was scanned for TLDs yet contained no TLDs. Enable debug logging for this logger for a complete list of JARs that were scanned but no TLDs were found in them. Skipping unneeded JARs during scanning can improve startup time and JSP compilation time.
[2024-05-21 16:01:38.805]  INFO 2732 --- [  restartedMain] o.a.c.c.C.[.[.[/]                        : Initializing Spring embedded WebApplicationContext
[2024-05-21 16:01:38.805]  INFO 2732 --- [  restartedMain] w.s.c.ServletWebServerApplicationContext : Root WebApplicationContext: initialization completed in 351 ms
[2024-05-21 16:01:38.812]  INFO 2732 --- [  restartedMain] c.z.h.HikariDataSource                   : HikariPool-2 - Starting...
[2024-05-21 16:01:38.815]  INFO 2732 --- [  restartedMain] c.z.h.p.HikariPool                       : HikariPool-2 - Added connection org.mariadb.jdbc.Connection@79af6bf1
[2024-05-21 16:01:38.815]  INFO 2732 --- [  restartedMain] c.z.h.HikariDataSource                   : HikariPool-2 - Start completed.
[2024-05-21 16:01:38.816]  INFO 2732 --- [  restartedMain] o.s.b.a.h.H2ConsoleAutoConfiguration     : H2 console available at '/h2-console'. Database available at 'jdbc:mariadb://localhost/webtoonBoot?user=root&password=***&serverTimezone=UTC&characterEncoding=UTF-8&createDatabaseIfNotExist=true'
[2024-05-21 16:01:38.838]  INFO 2732 --- [  restartedMain] o.h.j.i.u.LogHelper                      : HHH000204: Processing PersistenceUnitInfo [name: default]
[2024-05-21 16:01:38.843]  INFO 2732 --- [  restartedMain] o.s.o.j.p.SpringPersistenceUnitInfo      : No LoadTimeWeaver setup: ignoring JPA class transformer
[2024-05-21 16:01:38.844]  WARN 2732 --- [  restartedMain] o.h.d.Dialect                            : HHH000511: The 10.1.0 version for [org.hibernate.dialect.MariaDBDialect] is no longer supported, hence certain features may not work properly. The minimum supported version is 10.3.0. Check the community dialects project for available legacy versions.
[2024-05-21 16:01:38.853]  INFO 2732 --- [  restartedMain] o.h.e.t.j.p.i.JtaPlatformInitiator       : HHH000489: No JTA platform available (set 'hibernate.transaction.jta.platform' to enable JTA platform integration)
[2024-05-21 16:01:38.853]  INFO 2732 --- [  restartedMain] j.LocalContainerEntityManagerFactoryBean : Initialized JPA EntityManagerFactory for persistence unit 'default'
[2024-05-21 16:01:38.959]  WARN 2732 --- [  restartedMain] JpaBaseConfiguration$JpaWebConfiguration : spring.jpa.open-in-view is enabled by default. Therefore, database queries may be performed during view rendering. Explicitly configure spring.jpa.open-in-view to disable this warning
[2024-05-21 16:01:39.034]  INFO 2732 --- [  restartedMain] o.s.b.d.a.OptionalLiveReloadServer       : LiveReload server is running on port 35729
[2024-05-21 16:01:39.039]  INFO 2732 --- [  restartedMain] o.a.c.h.Http11NioProtocol                : Starting ProtocolHandler ["http-nio-8060"]
[2024-05-21 16:01:39.044]  INFO 2732 --- [  restartedMain] o.s.b.w.e.t.TomcatWebServer              : Tomcat started on port(s): 8060 (http) with context path ''
[2024-05-21 16:01:39.046]  INFO 2732 --- [  restartedMain] c.w.WebtoonBootCafe24Application         : Started WebtoonBootCafe24Application in 0.63 seconds (process running for 209.185)
[2024-05-21 16:01:39.048]  INFO 2732 --- [  restartedMain] .ConditionEvaluationDeltaLoggingListener : Condition evaluation unchanged
[2024-05-21 16:01:41.052]  INFO 2732 --- [nio-8060-exec-1] o.a.c.c.C.[.[.[/]                        : Initializing Spring DispatcherServlet 'dispatcherServlet'
[2024-05-21 16:01:41.052]  INFO 2732 --- [nio-8060-exec-1] o.s.w.s.DispatcherServlet                : Initializing Servlet 'dispatcherServlet'
[2024-05-21 16:01:41.054]  INFO 2732 --- [nio-8060-exec-1] o.s.w.s.DispatcherServlet                : Completed initialization in 2 ms
[2024-05-21 16:01:49.811]  INFO 2732 --- [   File Watcher] rtingClassPathChangeChangedEventListener : Restarting due to 1 class path change (0 additions, 0 deletions, 1 modification)
[2024-05-21 16:01:49.825]  INFO 2732 --- [       Thread-7] o.a.c.h.Http11NioProtocol                : Pausing ProtocolHandler ["http-nio-8060"]
[2024-05-21 16:01:49.827]  INFO 2732 --- [       Thread-7] o.a.c.c.StandardService                  : Stopping service [Tomcat]
[2024-05-21 16:01:49.827]  INFO 2732 --- [       Thread-7] o.a.c.c.C.[.[.[/]                        : Destroying Spring FrameworkServlet 'dispatcherServlet'
[2024-05-21 16:01:49.828]  INFO 2732 --- [       Thread-7] o.a.c.h.Http11NioProtocol                : Stopping ProtocolHandler ["http-nio-8060"]
[2024-05-21 16:01:49.829]  INFO 2732 --- [       Thread-7] o.a.c.h.Http11NioProtocol                : Destroying ProtocolHandler ["http-nio-8060"]
[2024-05-21 16:01:49.831]  INFO 2732 --- [       Thread-7] j.LocalContainerEntityManagerFactoryBean : Closing JPA EntityManagerFactory for persistence unit 'default'
[2024-05-21 16:01:49.831]  INFO 2732 --- [       Thread-7] c.z.h.HikariDataSource                   : HikariPool-2 - Shutdown initiated...
[2024-05-21 16:01:49.833]  INFO 2732 --- [       Thread-7] c.z.h.HikariDataSource                   : HikariPool-2 - Shutdown completed.
[2024-05-21 16:01:49.919]  INFO 2732 --- [  restartedMain] c.w.WebtoonBootCafe24Application         : Starting WebtoonBootCafe24Application using Java 17.0.10 with PID 2732 (C:\Users\home\Desktop\isc\isc_new\workspace\sts-4.22_workspace\webtoonBoot_cafe24\bin\main started by home in C:\Users\home\Desktop\isc\isc_new\workspace\sts-4.22_workspace\webtoonBoot_cafe24)
[2024-05-21 16:01:49.919]  INFO 2732 --- [  restartedMain] c.w.WebtoonBootCafe24Application         : No active profile set, falling back to 1 default profile: "default"
[2024-05-21 16:01:50.053]  INFO 2732 --- [  restartedMain] .s.d.r.c.RepositoryConfigurationDelegate : Bootstrapping Spring Data JPA repositories in DEFAULT mode.
[2024-05-21 16:01:50.062]  INFO 2732 --- [  restartedMain] .s.d.r.c.RepositoryConfigurationDelegate : Finished Spring Data repository scanning in 8 ms. Found 0 JPA repository interfaces.
[2024-05-21 16:01:50.084]  WARN 2732 --- [  restartedMain] o.m.s.m.ClassPathMapperScanner           : No MyBatis mapper was found in '[com.webtoonBoot]' package. Please check your configuration.
[2024-05-21 16:01:50.115]  INFO 2732 --- [  restartedMain] o.s.b.w.e.t.TomcatWebServer              : Tomcat initialized with port(s): 8060 (http)
[2024-05-21 16:01:50.116]  INFO 2732 --- [  restartedMain] o.a.c.h.Http11NioProtocol                : Initializing ProtocolHandler ["http-nio-8060"]
[2024-05-21 16:01:50.116]  INFO 2732 --- [  restartedMain] o.a.c.c.StandardService                  : Starting service [Tomcat]
[2024-05-21 16:01:50.116]  INFO 2732 --- [  restartedMain] o.a.c.c.StandardEngine                   : Starting Servlet engine: [Apache Tomcat/10.1.19]
[2024-05-21 16:01:50.221]  INFO 2732 --- [  restartedMain] o.a.j.s.TldScanner                       : At least one JAR was scanned for TLDs yet contained no TLDs. Enable debug logging for this logger for a complete list of JARs that were scanned but no TLDs were found in them. Skipping unneeded JARs during scanning can improve startup time and JSP compilation time.
[2024-05-21 16:01:50.224]  INFO 2732 --- [  restartedMain] o.a.c.c.C.[.[.[/]                        : Initializing Spring embedded WebApplicationContext
[2024-05-21 16:01:50.224]  INFO 2732 --- [  restartedMain] w.s.c.ServletWebServerApplicationContext : Root WebApplicationContext: initialization completed in 304 ms
[2024-05-21 16:01:50.231]  INFO 2732 --- [  restartedMain] c.z.h.HikariDataSource                   : HikariPool-3 - Starting...
[2024-05-21 16:01:50.234]  INFO 2732 --- [  restartedMain] c.z.h.p.HikariPool                       : HikariPool-3 - Added connection org.mariadb.jdbc.Connection@2f05347c
[2024-05-21 16:01:50.237]  INFO 2732 --- [  restartedMain] c.z.h.HikariDataSource                   : HikariPool-3 - Start completed.
[2024-05-21 16:01:50.237]  INFO 2732 --- [  restartedMain] o.s.b.a.h.H2ConsoleAutoConfiguration     : H2 console available at '/h2-console'. Database available at 'jdbc:mariadb://localhost/webtoonBoot?user=root&password=***&serverTimezone=UTC&characterEncoding=UTF-8&createDatabaseIfNotExist=true'
[2024-05-21 16:01:50.260]  INFO 2732 --- [  restartedMain] o.h.j.i.u.LogHelper                      : HHH000204: Processing PersistenceUnitInfo [name: default]
[2024-05-21 16:01:50.266]  INFO 2732 --- [  restartedMain] o.s.o.j.p.SpringPersistenceUnitInfo      : No LoadTimeWeaver setup: ignoring JPA class transformer
[2024-05-21 16:01:50.266]  WARN 2732 --- [  restartedMain] o.h.d.Dialect                            : HHH000511: The 10.1.0 version for [org.hibernate.dialect.MariaDBDialect] is no longer supported, hence certain features may not work properly. The minimum supported version is 10.3.0. Check the community dialects project for available legacy versions.
[2024-05-21 16:01:50.274]  INFO 2732 --- [  restartedMain] o.h.e.t.j.p.i.JtaPlatformInitiator       : HHH000489: No JTA platform available (set 'hibernate.transaction.jta.platform' to enable JTA platform integration)
[2024-05-21 16:01:50.274]  INFO 2732 --- [  restartedMain] j.LocalContainerEntityManagerFactoryBean : Initialized JPA EntityManagerFactory for persistence unit 'default'
[2024-05-21 16:01:50.363]  WARN 2732 --- [  restartedMain] JpaBaseConfiguration$JpaWebConfiguration : spring.jpa.open-in-view is enabled by default. Therefore, database queries may be performed during view rendering. Explicitly configure spring.jpa.open-in-view to disable this warning
[2024-05-21 16:01:50.430]  INFO 2732 --- [  restartedMain] o.s.b.d.a.OptionalLiveReloadServer       : LiveReload server is running on port 35729
[2024-05-21 16:01:50.436]  INFO 2732 --- [  restartedMain] o.a.c.h.Http11NioProtocol                : Starting ProtocolHandler ["http-nio-8060"]
[2024-05-21 16:01:50.439]  INFO 2732 --- [  restartedMain] o.s.b.w.e.t.TomcatWebServer              : Tomcat started on port(s): 8060 (http) with context path ''
[2024-05-21 16:01:50.442]  INFO 2732 --- [  restartedMain] c.w.WebtoonBootCafe24Application         : Started WebtoonBootCafe24Application in 0.559 seconds (process running for 220.581)
[2024-05-21 16:01:50.444]  INFO 2732 --- [  restartedMain] .ConditionEvaluationDeltaLoggingListener : Condition evaluation unchanged
