[2024-05-27 13:53:50.402]  INFO 20468 --- [   File Watcher] rtingClassPathChangeChangedEventListener : Restarting due to 1 class path change (0 additions, 0 deletions, 1 modification)
[2024-05-27 13:53:50.421]  INFO 20468 --- [      Thread-11] o.a.c.h.Http11NioProtocol                : Pausing ProtocolHandler ["http-nio-8060"]
[2024-05-27 13:53:50.421]  INFO 20468 --- [      Thread-11] o.a.c.c.StandardService                  : Stopping service [Tomcat]
[2024-05-27 13:53:50.421]  INFO 20468 --- [      Thread-11] o.a.c.c.C.[.[.[/]                        : Destroying Spring FrameworkServlet 'dispatcherServlet'
[2024-05-27 13:53:50.424]  INFO 20468 --- [      Thread-11] o.a.c.h.Http11NioProtocol                : Stopping ProtocolHandler ["http-nio-8060"]
[2024-05-27 13:53:50.426]  INFO 20468 --- [      Thread-11] o.a.c.h.Http11NioProtocol                : Destroying ProtocolHandler ["http-nio-8060"]
[2024-05-27 13:53:50.427]  INFO 20468 --- [      Thread-11] j.LocalContainerEntityManagerFactoryBean : Closing JPA EntityManagerFactory for persistence unit 'default'
[2024-05-27 13:53:50.427]  INFO 20468 --- [      Thread-11] c.z.h.HikariDataSource                   : HikariPool-3 - Shutdown initiated...
[2024-05-27 13:53:50.430]  INFO 20468 --- [      Thread-11] c.z.h.HikariDataSource                   : HikariPool-3 - Shutdown completed.
[2024-05-27 13:53:50.534]  INFO 20468 --- [  restartedMain] c.w.WebtoonBootCafe24Application         : Starting WebtoonBootCafe24Application using Java 17.0.10 with PID 20468 (C:\Users\home\Desktop\isc\isc_new\workspace\sts-4.22_workspace\webtoonBoot_cafe24\bin\main started by home in C:\Users\home\Desktop\isc\isc_new\workspace\sts-4.22_workspace\webtoonBoot_cafe24)
[2024-05-27 13:53:50.535]  INFO 20468 --- [  restartedMain] c.w.WebtoonBootCafe24Application         : No active profile set, falling back to 1 default profile: "default"
[2024-05-27 13:53:50.722]  INFO 20468 --- [  restartedMain] .s.d.r.c.RepositoryConfigurationDelegate : Bootstrapping Spring Data JPA repositories in DEFAULT mode.
[2024-05-27 13:53:50.734]  INFO 20468 --- [  restartedMain] .s.d.r.c.RepositoryConfigurationDelegate : Finished Spring Data repository scanning in 11 ms. Found 0 JPA repository interfaces.
[2024-05-27 13:53:50.757]  WARN 20468 --- [  restartedMain] o.m.s.m.ClassPathMapperScanner           : No MyBatis mapper was found in '[com.webtoonBoot]' package. Please check your configuration.
[2024-05-27 13:53:50.790]  INFO 20468 --- [  restartedMain] o.s.b.w.e.t.TomcatWebServer              : Tomcat initialized with port(s): 8060 (http)
[2024-05-27 13:53:50.790]  INFO 20468 --- [  restartedMain] o.a.c.h.Http11NioProtocol                : Initializing ProtocolHandler ["http-nio-8060"]
[2024-05-27 13:53:50.791]  INFO 20468 --- [  restartedMain] o.a.c.c.StandardService                  : Starting service [Tomcat]
[2024-05-27 13:53:50.791]  INFO 20468 --- [  restartedMain] o.a.c.c.StandardEngine                   : Starting Servlet engine: [Apache Tomcat/10.1.19]
[2024-05-27 13:53:50.935]  INFO 20468 --- [  restartedMain] o.a.j.s.TldScanner                       : At least one JAR was scanned for TLDs yet contained no TLDs. Enable debug logging for this logger for a complete list of JARs that were scanned but no TLDs were found in them. Skipping unneeded JARs during scanning can improve startup time and JSP compilation time.
[2024-05-27 13:53:50.938]  INFO 20468 --- [  restartedMain] o.a.c.c.C.[.[.[/]                        : Initializing Spring embedded WebApplicationContext
[2024-05-27 13:53:50.938]  INFO 20468 --- [  restartedMain] w.s.c.ServletWebServerApplicationContext : Root WebApplicationContext: initialization completed in 402 ms
[2024-05-27 13:53:50.943]  INFO 20468 --- [  restartedMain] c.z.h.HikariDataSource                   : HikariPool-4 - Starting...
[2024-05-27 13:53:50.947]  INFO 20468 --- [  restartedMain] c.z.h.p.HikariPool                       : HikariPool-4 - Added connection org.mariadb.jdbc.Connection@705636c3
[2024-05-27 13:53:50.947]  INFO 20468 --- [  restartedMain] c.z.h.HikariDataSource                   : HikariPool-4 - Start completed.
[2024-05-27 13:53:50.947]  INFO 20468 --- [  restartedMain] o.s.b.a.h.H2ConsoleAutoConfiguration     : H2 console available at '/h2-console'. Database available at 'jdbc:mariadb://localhost/webtoonBoot?user=root&password=***&serverTimezone=UTC&characterEncoding=UTF-8&createDatabaseIfNotExist=true'
[2024-05-27 13:53:50.973]  INFO 20468 --- [  restartedMain] o.h.j.i.u.LogHelper                      : HHH000204: Processing PersistenceUnitInfo [name: default]
[2024-05-27 13:53:50.979]  INFO 20468 --- [  restartedMain] o.s.o.j.p.SpringPersistenceUnitInfo      : No LoadTimeWeaver setup: ignoring JPA class transformer
[2024-05-27 13:53:50.980]  WARN 20468 --- [  restartedMain] o.h.d.Dialect                            : HHH000511: The 10.1.0 version for [org.hibernate.dialect.MariaDBDialect] is no longer supported, hence certain features may not work properly. The minimum supported version is 10.3.0. Check the community dialects project for available legacy versions.
[2024-05-27 13:53:50.987]  INFO 20468 --- [  restartedMain] o.h.e.t.j.p.i.JtaPlatformInitiator       : HHH000489: No JTA platform available (set 'hibernate.transaction.jta.platform' to enable JTA platform integration)
[2024-05-27 13:53:50.989]  INFO 20468 --- [  restartedMain] j.LocalContainerEntityManagerFactoryBean : Initialized JPA EntityManagerFactory for persistence unit 'default'
[2024-05-27 13:53:51.062]  WARN 20468 --- [  restartedMain] ConfigServletWebServerApplicationContext : Exception encountered during context initialization - cancelling refresh attempt: org.springframework.beans.factory.BeanCreationException: Error creating bean with name 'mainController' defined in file [C:\Users\home\Desktop\isc\isc_new\workspace\sts-4.22_workspace\webtoonBoot_cafe24\bin\main\com\webtoonBoot\main\MainController.class]: Failed to instantiate [com.webtoonBoot.main.MainController]: Constructor threw exception
[2024-05-27 13:53:51.063]  INFO 20468 --- [  restartedMain] j.LocalContainerEntityManagerFactoryBean : Closing JPA EntityManagerFactory for persistence unit 'default'
[2024-05-27 13:53:51.063]  INFO 20468 --- [  restartedMain] c.z.h.HikariDataSource                   : HikariPool-4 - Shutdown initiated...
[2024-05-27 13:53:51.072]  INFO 20468 --- [  restartedMain] c.z.h.HikariDataSource                   : HikariPool-4 - Shutdown completed.
[2024-05-27 13:53:51.072]  INFO 20468 --- [  restartedMain] o.a.c.c.StandardService                  : Stopping service [Tomcat]
[2024-05-27 13:53:51.079]  INFO 20468 --- [  restartedMain] .s.b.a.l.ConditionEvaluationReportLogger : 

Error starting ApplicationContext. To display the condition evaluation report re-run your application with 'debug' enabled.
[2024-05-27 13:53:51.093] ERROR 20468 --- [  restartedMain] o.s.b.SpringApplication                  : Application run failed

org.springframework.beans.factory.BeanCreationException: Error creating bean with name 'mainController' defined in file [C:\Users\home\Desktop\isc\isc_new\workspace\sts-4.22_workspace\webtoonBoot_cafe24\bin\main\com\webtoonBoot\main\MainController.class]: Failed to instantiate [com.webtoonBoot.main.MainController]: Constructor threw exception
	at org.springframework.beans.factory.support.AbstractAutowireCapableBeanFactory.instantiateBean(AbstractAutowireCapableBeanFactory.java:1312) ~[spring-beans-6.0.18.jar:6.0.18]
	at org.springframework.beans.factory.support.AbstractAutowireCapableBeanFactory.createBeanInstance(AbstractAutowireCapableBeanFactory.java:1197) ~[spring-beans-6.0.18.jar:6.0.18]
	at org.springframework.beans.factory.support.AbstractAutowireCapableBeanFactory.doCreateBean(AbstractAutowireCapableBeanFactory.java:558) ~[spring-beans-6.0.18.jar:6.0.18]
	at org.springframework.beans.factory.support.AbstractAutowireCapableBeanFactory.createBean(AbstractAutowireCapableBeanFactory.java:518) ~[spring-beans-6.0.18.jar:6.0.18]
	at org.springframework.beans.factory.support.AbstractBeanFactory.lambda$doGetBean$0(AbstractBeanFactory.java:326) ~[spring-beans-6.0.18.jar:6.0.18]
	at org.springframework.beans.factory.support.DefaultSingletonBeanRegistry.getSingleton(DefaultSingletonBeanRegistry.java:234) ~[spring-beans-6.0.18.jar:6.0.18]
	at org.springframework.beans.factory.support.AbstractBeanFactory.doGetBean(AbstractBeanFactory.java:324) ~[spring-beans-6.0.18.jar:6.0.18]
	at org.springframework.beans.factory.support.AbstractBeanFactory.getBean(AbstractBeanFactory.java:200) ~[spring-beans-6.0.18.jar:6.0.18]
	at org.springframework.beans.factory.support.DefaultListableBeanFactory.preInstantiateSingletons(DefaultListableBeanFactory.java:973) ~[spring-beans-6.0.18.jar:6.0.18]
	at org.springframework.context.support.AbstractApplicationContext.finishBeanFactoryInitialization(AbstractApplicationContext.java:952) ~[spring-context-6.0.18.jar:6.0.18]
	at org.springframework.context.support.AbstractApplicationContext.refresh(AbstractApplicationContext.java:615) ~[spring-context-6.0.18.jar:6.0.18]
	at org.springframework.boot.web.servlet.context.ServletWebServerApplicationContext.refresh(ServletWebServerApplicationContext.java:146) ~[spring-boot-3.1.10.jar:3.1.10]
	at org.springframework.boot.SpringApplication.refresh(SpringApplication.java:738) [spring-boot-3.1.10.jar:3.1.10]
	at org.springframework.boot.SpringApplication.refreshContext(SpringApplication.java:440) [spring-boot-3.1.10.jar:3.1.10]
	at org.springframework.boot.SpringApplication.run(SpringApplication.java:324) [spring-boot-3.1.10.jar:3.1.10]
	at org.springframework.boot.SpringApplication.run(SpringApplication.java:1317) [spring-boot-3.1.10.jar:3.1.10]
	at org.springframework.boot.SpringApplication.run(SpringApplication.java:1306) [spring-boot-3.1.10.jar:3.1.10]
	at com.webtoonBoot.WebtoonBootCafe24Application.main(WebtoonBootCafe24Application.java:10) [main/:?]
	at jdk.internal.reflect.NativeMethodAccessorImpl.invoke0(Native Method) ~[?:?]
	at jdk.internal.reflect.NativeMethodAccessorImpl.invoke(NativeMethodAccessorImpl.java:77) ~[?:?]
	at jdk.internal.reflect.DelegatingMethodAccessorImpl.invoke(DelegatingMethodAccessorImpl.java:43) ~[?:?]
	at java.lang.reflect.Method.invoke(Method.java:568) ~[?:?]
	at org.springframework.boot.devtools.restart.RestartLauncher.run(RestartLauncher.java:50) [spring-boot-devtools-3.1.10.jar:3.1.10]
Caused by: org.springframework.beans.BeanInstantiationException: Failed to instantiate [com.webtoonBoot.main.MainController]: Constructor threw exception
	at org.springframework.beans.BeanUtils.instantiateClass(BeanUtils.java:225) ~[spring-beans-6.0.18.jar:6.0.18]
	at org.springframework.beans.factory.support.SimpleInstantiationStrategy.instantiate(SimpleInstantiationStrategy.java:87) ~[spring-beans-6.0.18.jar:6.0.18]
	at org.springframework.beans.factory.support.AbstractAutowireCapableBeanFactory.instantiateBean(AbstractAutowireCapableBeanFactory.java:1306) ~[spring-beans-6.0.18.jar:6.0.18]
	... 22 more
Caused by: java.lang.Error: Unresolved compilation problems: 
	Syntax error, insert "enum Identifier" to complete EnumHeaderName
	Syntax error, insert "EnumBody" to complete EnumDeclaration

	at com.webtoonBoot.main.MainController.<init>(MainController.java:28) ~[main/:?]
	at jdk.internal.reflect.NativeConstructorAccessorImpl.newInstance0(Native Method) ~[?:?]
	at jdk.internal.reflect.NativeConstructorAccessorImpl.newInstance(NativeConstructorAccessorImpl.java:77) ~[?:?]
	at jdk.internal.reflect.DelegatingConstructorAccessorImpl.newInstance(DelegatingConstructorAccessorImpl.java:45) ~[?:?]
	at java.lang.reflect.Constructor.newInstanceWithCaller(Constructor.java:499) ~[?:?]
	at java.lang.reflect.Constructor.newInstance(Constructor.java:480) ~[?:?]
	at org.springframework.beans.BeanUtils.instantiateClass(BeanUtils.java:199) ~[spring-beans-6.0.18.jar:6.0.18]
	at org.springframework.beans.factory.support.SimpleInstantiationStrategy.instantiate(SimpleInstantiationStrategy.java:87) ~[spring-beans-6.0.18.jar:6.0.18]
	at org.springframework.beans.factory.support.AbstractAutowireCapableBeanFactory.instantiateBean(AbstractAutowireCapableBeanFactory.java:1306) ~[spring-beans-6.0.18.jar:6.0.18]
	... 22 more

