[2024-05-14 11:35:51.342]  INFO 7352 --- [n(10)-127.0.0.1] inMXBeanRegistrar$SpringApplicationAdmin : Application shutdown requested.
[2024-05-14 11:35:51.362]  INFO 7352 --- [n(10)-127.0.0.1] o.a.c.h.Http11NioProtocol                : Pausing ProtocolHandler ["http-nio-8060"]
[2024-05-14 11:35:51.362]  INFO 7352 --- [n(10)-127.0.0.1] o.a.c.c.StandardService                  : Stopping service [Tomcat]
[2024-05-14 11:35:51.363]  INFO 7352 --- [n(10)-127.0.0.1] o.a.c.c.C.[.[.[/]                        : Destroying Spring FrameworkServlet 'dispatcherServlet'
[2024-05-14 11:35:51.365]  INFO 7352 --- [n(10)-127.0.0.1] o.a.c.h.Http11NioProtocol                : Stopping ProtocolHandler ["http-nio-8060"]
[2024-05-14 11:35:51.371]  INFO 7352 --- [n(10)-127.0.0.1] j.LocalContainerEntityManagerFactoryBean : Closing JPA EntityManagerFactory for persistence unit 'default'
[2024-05-14 11:35:51.373]  INFO 7352 --- [n(10)-127.0.0.1] c.z.h.HikariDataSource                   : HikariPool-1 - Shutdown initiated...
[2024-05-14 11:35:51.375]  INFO 7352 --- [n(10)-127.0.0.1] c.z.h.HikariDataSource                   : HikariPool-1 - Shutdown completed.
[2024-05-14 11:35:53.100]  INFO 12972 --- [  restartedMain] c.w.WebtoonBootCafe24Application         : Starting WebtoonBootCafe24Application using Java 17.0.10 with PID 12972 (C:\Users\home\Desktop\isc\isc_new\workspace\sts-4.22_workspace\webtoonBoot_cafe24\bin\main started by home in C:\Users\home\Desktop\isc\isc_new\workspace\sts-4.22_workspace\webtoonBoot_cafe24)
[2024-05-14 11:35:53.106]  INFO 12972 --- [  restartedMain] c.w.WebtoonBootCafe24Application         : No active profile set, falling back to 1 default profile: "default"
[2024-05-14 11:35:53.254]  INFO 12972 --- [  restartedMain] .e.DevToolsPropertyDefaultsPostProcessor : Devtools property defaults active! Set 'spring.devtools.add-properties' to 'false' to disable
[2024-05-14 11:35:53.254]  INFO 12972 --- [  restartedMain] .e.DevToolsPropertyDefaultsPostProcessor : For additional web related logging consider setting the 'logging.level.web' property to 'DEBUG'
[2024-05-14 11:35:53.684]  INFO 12972 --- [  restartedMain] .s.d.r.c.RepositoryConfigurationDelegate : Bootstrapping Spring Data JPA repositories in DEFAULT mode.
[2024-05-14 11:35:53.702]  INFO 12972 --- [  restartedMain] .s.d.r.c.RepositoryConfigurationDelegate : Finished Spring Data repository scanning in 13 ms. Found 0 JPA repository interfaces.
[2024-05-14 11:35:53.772]  WARN 12972 --- [  restartedMain] o.m.s.m.ClassPathMapperScanner           : No MyBatis mapper was found in '[com.webtoonBoot]' package. Please check your configuration.
[2024-05-14 11:35:54.119]  INFO 12972 --- [  restartedMain] o.s.b.w.e.t.TomcatWebServer              : Tomcat initialized with port(s): 8060 (http)
[2024-05-14 11:35:54.126]  INFO 12972 --- [  restartedMain] o.a.c.h.Http11NioProtocol                : Initializing ProtocolHandler ["http-nio-8060"]
[2024-05-14 11:35:54.128]  INFO 12972 --- [  restartedMain] o.a.c.c.StandardService                  : Starting service [Tomcat]
[2024-05-14 11:35:54.128]  INFO 12972 --- [  restartedMain] o.a.c.c.StandardEngine                   : Starting Servlet engine: [Apache Tomcat/10.1.19]
[2024-05-14 11:35:54.319]  INFO 12972 --- [  restartedMain] o.a.j.s.TldScanner                       : At least one JAR was scanned for TLDs yet contained no TLDs. Enable debug logging for this logger for a complete list of JARs that were scanned but no TLDs were found in them. Skipping unneeded JARs during scanning can improve startup time and JSP compilation time.
[2024-05-14 11:35:54.326]  INFO 12972 --- [  restartedMain] o.a.c.c.C.[.[.[/]                        : Initializing Spring embedded WebApplicationContext
[2024-05-14 11:35:54.326]  INFO 12972 --- [  restartedMain] w.s.c.ServletWebServerApplicationContext : Root WebApplicationContext: initialization completed in 1072 ms
[2024-05-14 11:35:54.349]  INFO 12972 --- [  restartedMain] c.z.h.HikariDataSource                   : HikariPool-1 - Starting...
[2024-05-14 11:35:54.409]  INFO 12972 --- [  restartedMain] c.z.h.p.HikariPool                       : HikariPool-1 - Added connection org.mariadb.jdbc.Connection@7b566e9e
[2024-05-14 11:35:54.411]  INFO 12972 --- [  restartedMain] c.z.h.HikariDataSource                   : HikariPool-1 - Start completed.
[2024-05-14 11:35:54.420]  INFO 12972 --- [  restartedMain] o.s.b.a.h.H2ConsoleAutoConfiguration     : H2 console available at '/h2-console'. Database available at 'jdbc:mariadb://localhost/webtoonBoot?user=root&password=***&serverTimezone=UTC&characterEncoding=UTF-8&createDatabaseIfNotExist=true'
[2024-05-14 11:35:54.507]  INFO 12972 --- [  restartedMain] o.h.j.i.u.LogHelper                      : HHH000204: Processing PersistenceUnitInfo [name: default]
[2024-05-14 11:35:54.545]  INFO 12972 --- [  restartedMain] o.h.Version                              : HHH000412: Hibernate ORM core version 6.2.22.Final
[2024-05-14 11:35:54.547]  INFO 12972 --- [  restartedMain] o.h.c.Environment                        : HHH000406: Using bytecode reflection optimizer
[2024-05-14 11:35:54.739]  INFO 12972 --- [  restartedMain] o.s.o.j.p.SpringPersistenceUnitInfo      : No LoadTimeWeaver setup: ignoring JPA class transformer
[2024-05-14 11:35:54.780]  WARN 12972 --- [  restartedMain] o.h.d.Dialect                            : HHH000511: The 10.1.0 version for [org.hibernate.dialect.MariaDBDialect] is no longer supported, hence certain features may not work properly. The minimum supported version is 10.3.0. Check the community dialects project for available legacy versions.
[2024-05-14 11:35:54.984]  INFO 12972 --- [  restartedMain] o.h.e.t.j.p.i.JtaPlatformInitiator       : HHH000489: No JTA platform available (set 'hibernate.transaction.jta.platform' to enable JTA platform integration)
[2024-05-14 11:35:54.989]  INFO 12972 --- [  restartedMain] j.LocalContainerEntityManagerFactoryBean : Initialized JPA EntityManagerFactory for persistence unit 'default'
[2024-05-14 11:35:55.228]  WARN 12972 --- [  restartedMain] JpaBaseConfiguration$JpaWebConfiguration : spring.jpa.open-in-view is enabled by default. Therefore, database queries may be performed during view rendering. Explicitly configure spring.jpa.open-in-view to disable this warning
[2024-05-14 11:35:55.510]  INFO 12972 --- [  restartedMain] o.s.b.d.a.OptionalLiveReloadServer       : LiveReload server is running on port 35729
[2024-05-14 11:35:55.523]  INFO 12972 --- [  restartedMain] o.a.c.h.Http11NioProtocol                : Starting ProtocolHandler ["http-nio-8060"]
[2024-05-14 11:35:55.545]  INFO 12972 --- [  restartedMain] o.s.b.w.e.t.TomcatWebServer              : Tomcat started on port(s): 8060 (http) with context path ''
[2024-05-14 11:35:55.552]  INFO 12972 --- [  restartedMain] c.w.WebtoonBootCafe24Application         : Started WebtoonBootCafe24Application in 2.687 seconds (process running for 3.54)
[2024-05-14 11:35:59.272]  INFO 12972 --- [nio-8060-exec-1] o.a.c.c.C.[.[.[/]                        : Initializing Spring DispatcherServlet 'dispatcherServlet'
[2024-05-14 11:35:59.272]  INFO 12972 --- [nio-8060-exec-1] o.s.w.s.DispatcherServlet                : Initializing Servlet 'dispatcherServlet'
[2024-05-14 11:35:59.273]  INFO 12972 --- [nio-8060-exec-1] o.s.w.s.DispatcherServlet                : Completed initialization in 1 ms
