[2024-06-03 17:15:00.144]  INFO 23956 --- [  restartedMain] o.a.j.s.TldScanner                       : At least one JAR was scanned for TLDs yet contained no TLDs. Enable debug logging for this logger for a complete list of JARs that were scanned but no TLDs were found in them. Skipping unneeded JARs during scanning can improve startup time and JSP compilation time.
[2024-06-03 17:15:00.164]  INFO 23956 --- [  restartedMain] o.a.c.c.C.[.[.[/]                        : Initializing Spring embedded WebApplicationContext
[2024-06-03 17:15:00.164]  INFO 23956 --- [  restartedMain] w.s.c.ServletWebServerApplicationContext : Root WebApplicationContext: initialization completed in 1372 ms
[2024-06-03 17:15:00.202]  INFO 23956 --- [  restartedMain] c.z.h.HikariDataSource                   : HikariPool-1 - Starting...
[2024-06-03 17:15:00.282]  INFO 23956 --- [  restartedMain] c.z.h.p.HikariPool                       : HikariPool-1 - Added connection org.mariadb.jdbc.Connection@2a9d803d
[2024-06-03 17:15:00.284]  INFO 23956 --- [  restartedMain] c.z.h.HikariDataSource                   : HikariPool-1 - Start completed.
[2024-06-03 17:15:00.299]  INFO 23956 --- [  restartedMain] o.s.b.a.h.H2ConsoleAutoConfiguration     : H2 console available at '/h2-console'. Database available at 'jdbc:mariadb://localhost/webtoonBoot?user=root&password=***&serverTimezone=UTC&characterEncoding=UTF-8&createDatabaseIfNotExist=true'
[2024-06-03 17:15:00.363]  WARN 23956 --- [  restartedMain] o.a.c.c.C.[.[.[/]                        : Cannot deserialize session attribute [cartMap] for session [731744A4BF66A43CE76C477C8BB300EA]
[2024-06-03 17:15:00.482]  INFO 23956 --- [  restartedMain] o.h.j.i.u.LogHelper                      : HHH000204: Processing PersistenceUnitInfo [name: default]
[2024-06-03 17:15:00.553]  INFO 23956 --- [  restartedMain] o.h.Version                              : HHH000412: Hibernate ORM core version 6.2.22.Final
[2024-06-03 17:15:00.556]  INFO 23956 --- [  restartedMain] o.h.c.Environment                        : HHH000406: Using bytecode reflection optimizer
[2024-06-03 17:15:00.831]  INFO 23956 --- [  restartedMain] o.s.o.j.p.SpringPersistenceUnitInfo      : No LoadTimeWeaver setup: ignoring JPA class transformer
[2024-06-03 17:15:00.892]  WARN 23956 --- [  restartedMain] o.h.d.Dialect                            : HHH000511: The 10.1.0 version for [org.hibernate.dialect.MariaDBDialect] is no longer supported, hence certain features may not work properly. The minimum supported version is 10.3.0. Check the community dialects project for available legacy versions.
[2024-06-03 17:15:01.173]  INFO 23956 --- [  restartedMain] o.h.e.t.j.p.i.JtaPlatformInitiator       : HHH000489: No JTA platform available (set 'hibernate.transaction.jta.platform' to enable JTA platform integration)
[2024-06-03 17:15:01.178]  INFO 23956 --- [  restartedMain] j.LocalContainerEntityManagerFactoryBean : Initialized JPA EntityManagerFactory for persistence unit 'default'
[2024-06-03 17:15:01.477]  WARN 23956 --- [  restartedMain] JpaBaseConfiguration$JpaWebConfiguration : spring.jpa.open-in-view is enabled by default. Therefore, database queries may be performed during view rendering. Explicitly configure spring.jpa.open-in-view to disable this warning
[2024-06-03 17:15:01.809]  INFO 23956 --- [  restartedMain] o.s.b.d.a.OptionalLiveReloadServer       : LiveReload server is running on port 35729
[2024-06-03 17:15:01.822]  INFO 23956 --- [  restartedMain] o.a.c.h.Http11NioProtocol                : Starting ProtocolHandler ["http-nio-8060"]
[2024-06-03 17:15:01.847]  INFO 23956 --- [  restartedMain] o.s.b.w.e.t.TomcatWebServer              : Tomcat started on port(s): 8060 (http) with context path ''
[2024-06-03 17:15:01.855]  INFO 23956 --- [  restartedMain] c.w.WebtoonBootCafe24Application         : Started WebtoonBootCafe24Application in 3.508 seconds (process running for 4.434)
[2024-06-03 17:15:01.890]  INFO 23956 --- [nio-8060-exec-2] o.a.c.c.C.[.[.[/]                        : Initializing Spring DispatcherServlet 'dispatcherServlet'
[2024-06-03 17:15:01.890]  INFO 23956 --- [nio-8060-exec-2] o.s.w.s.DispatcherServlet                : Initializing Servlet 'dispatcherServlet'
[2024-06-03 17:15:01.891]  INFO 23956 --- [nio-8060-exec-2] o.s.w.s.DispatcherServlet                : Completed initialization in 1 ms
