[2024-05-27 16:04:22.699]  INFO 2252 --- [   File Watcher] rtingClassPathChangeChangedEventListener : Restarting due to 1 class path change (0 additions, 0 deletions, 1 modification)
[2024-05-27 16:04:22.721]  INFO 2252 --- [       Thread-5] o.a.c.h.Http11NioProtocol                : Pausing ProtocolHandler ["http-nio-8060"]
[2024-05-27 16:04:22.722]  INFO 2252 --- [       Thread-5] o.a.c.c.StandardService                  : Stopping service [Tomcat]
[2024-05-27 16:04:22.723]  INFO 2252 --- [       Thread-5] o.a.c.c.C.[.[.[/]                        : Destroying Spring FrameworkServlet 'dispatcherServlet'
[2024-05-27 16:04:22.726]  WARN 2252 --- [       Thread-5] o.a.c.c.C.[.[.[/]                        : Cannot serialize session attribute [quickGoodsList] for session [D0396C9D2532C640852E77601DCBB14B]

java.io.NotSerializableException: com.webtoonBoot.goods.vo.GoodsVO
	at java.io.ObjectOutputStream.writeObject0(ObjectOutputStream.java:1187) ~[?:?]
	at java.io.ObjectOutputStream.writeObject(ObjectOutputStream.java:350) ~[?:?]
	at java.util.ArrayList.writeObject(ArrayList.java:866) ~[?:?]
	at jdk.internal.reflect.NativeMethodAccessorImpl.invoke0(Native Method) ~[?:?]
	at jdk.internal.reflect.NativeMethodAccessorImpl.invoke(NativeMethodAccessorImpl.java:77) ~[?:?]
	at jdk.internal.reflect.DelegatingMethodAccessorImpl.invoke(DelegatingMethodAccessorImpl.java:43) ~[?:?]
	at java.lang.reflect.Method.invoke(Method.java:568) ~[?:?]
	at java.io.ObjectStreamClass.invokeWriteObject(ObjectStreamClass.java:1070) ~[?:?]
	at java.io.ObjectOutputStream.writeSerialData(ObjectOutputStream.java:1516) ~[?:?]
	at java.io.ObjectOutputStream.writeOrdinaryObject(ObjectOutputStream.java:1438) ~[?:?]
	at java.io.ObjectOutputStream.writeObject0(ObjectOutputStream.java:1181) ~[?:?]
	at java.io.ObjectOutputStream.writeObject(ObjectOutputStream.java:350) ~[?:?]
	at org.apache.catalina.session.StandardSession.doWriteObject(StandardSession.java:1526) ~[tomcat-embed-core-10.1.19.jar:10.1.19]
	at org.apache.catalina.session.StandardSession.writeObjectData(StandardSession.java:1000) ~[tomcat-embed-core-10.1.19.jar:10.1.19]
	at org.apache.catalina.session.StandardManager.doUnload(StandardManager.java:307) ~[tomcat-embed-core-10.1.19.jar:10.1.19]
	at org.apache.catalina.session.StandardManager.unload(StandardManager.java:259) ~[tomcat-embed-core-10.1.19.jar:10.1.19]
	at org.apache.catalina.session.StandardManager.stopInternal(StandardManager.java:374) ~[tomcat-embed-core-10.1.19.jar:10.1.19]
	at org.apache.catalina.util.LifecycleBase.stop(LifecycleBase.java:242) ~[tomcat-embed-core-10.1.19.jar:10.1.19]
	at org.apache.catalina.core.StandardContext.stopInternal(StandardContext.java:5105) ~[tomcat-embed-core-10.1.19.jar:10.1.19]
	at org.apache.catalina.util.LifecycleBase.stop(LifecycleBase.java:242) ~[tomcat-embed-core-10.1.19.jar:10.1.19]
	at org.apache.catalina.core.ContainerBase$StopChild.call(ContainerBase.java:1348) ~[tomcat-embed-core-10.1.19.jar:10.1.19]
	at org.apache.catalina.core.ContainerBase$StopChild.call(ContainerBase.java:1337) ~[tomcat-embed-core-10.1.19.jar:10.1.19]
	at java.util.concurrent.FutureTask.run(FutureTask.java:264) ~[?:?]
	at org.apache.tomcat.util.threads.InlineExecutorService.execute(InlineExecutorService.java:75) ~[tomcat-embed-core-10.1.19.jar:10.1.19]
	at java.util.concurrent.AbstractExecutorService.submit(AbstractExecutorService.java:145) ~[?:?]
	at org.apache.catalina.core.ContainerBase.stopInternal(ContainerBase.java:931) ~[tomcat-embed-core-10.1.19.jar:10.1.19]
	at org.apache.catalina.util.LifecycleBase.stop(LifecycleBase.java:242) ~[tomcat-embed-core-10.1.19.jar:10.1.19]
	at org.apache.catalina.core.ContainerBase$StopChild.call(ContainerBase.java:1348) ~[tomcat-embed-core-10.1.19.jar:10.1.19]
	at org.apache.catalina.core.ContainerBase$StopChild.call(ContainerBase.java:1337) ~[tomcat-embed-core-10.1.19.jar:10.1.19]
	at java.util.concurrent.FutureTask.run(FutureTask.java:264) ~[?:?]
	at org.apache.tomcat.util.threads.InlineExecutorService.execute(InlineExecutorService.java:75) ~[tomcat-embed-core-10.1.19.jar:10.1.19]
	at java.util.concurrent.AbstractExecutorService.submit(AbstractExecutorService.java:145) ~[?:?]
	at org.apache.catalina.core.ContainerBase.stopInternal(ContainerBase.java:931) ~[tomcat-embed-core-10.1.19.jar:10.1.19]
	at org.apache.catalina.util.LifecycleBase.stop(LifecycleBase.java:242) ~[tomcat-embed-core-10.1.19.jar:10.1.19]
	at org.apache.catalina.core.StandardService.stopInternal(StandardService.java:496) ~[tomcat-embed-core-10.1.19.jar:10.1.19]
	at org.apache.catalina.util.LifecycleBase.stop(LifecycleBase.java:242) ~[tomcat-embed-core-10.1.19.jar:10.1.19]
	at org.apache.catalina.core.StandardServer.stopInternal(StandardServer.java:974) ~[tomcat-embed-core-10.1.19.jar:10.1.19]
	at org.apache.catalina.util.LifecycleBase.stop(LifecycleBase.java:242) ~[tomcat-embed-core-10.1.19.jar:10.1.19]
	at org.apache.catalina.startup.Tomcat.stop(Tomcat.java:447) ~[tomcat-embed-core-10.1.19.jar:10.1.19]
	at org.springframework.boot.web.embedded.tomcat.TomcatWebServer.stopTomcat(TomcatWebServer.java:273) ~[spring-boot-3.1.10.jar:3.1.10]
	at org.springframework.boot.web.embedded.tomcat.TomcatWebServer.stop(TomcatWebServer.java:331) ~[spring-boot-3.1.10.jar:3.1.10]
	at org.springframework.boot.web.servlet.context.WebServerStartStopLifecycle.stop(WebServerStartStopLifecycle.java:53) ~[spring-boot-3.1.10.jar:3.1.10]
	at org.springframework.context.SmartLifecycle.stop(SmartLifecycle.java:117) ~[spring-context-6.0.18.jar:6.0.18]
	at org.springframework.context.support.DefaultLifecycleProcessor.doStop(DefaultLifecycleProcessor.java:239) ~[spring-context-6.0.18.jar:6.0.18]
	at org.springframework.context.support.DefaultLifecycleProcessor$LifecycleGroup.stop(DefaultLifecycleProcessor.java:380) ~[spring-context-6.0.18.jar:6.0.18]
	at org.springframework.context.support.DefaultLifecycleProcessor.stopBeans(DefaultLifecycleProcessor.java:211) ~[spring-context-6.0.18.jar:6.0.18]
	at org.springframework.context.support.DefaultLifecycleProcessor.onClose(DefaultLifecycleProcessor.java:134) ~[spring-context-6.0.18.jar:6.0.18]
	at org.springframework.context.support.AbstractApplicationContext.doClose(AbstractApplicationContext.java:1078) ~[spring-context-6.0.18.jar:6.0.18]
	at org.springframework.boot.web.servlet.context.ServletWebServerApplicationContext.doClose(ServletWebServerApplicationContext.java:173) ~[spring-boot-3.1.10.jar:3.1.10]
	at org.springframework.context.support.AbstractApplicationContext.close(AbstractApplicationContext.java:1037) ~[spring-context-6.0.18.jar:6.0.18]
	at org.springframework.boot.devtools.restart.Restarter.stop(Restarter.java:308) ~[spring-boot-devtools-3.1.10.jar:3.1.10]
	at org.springframework.boot.devtools.restart.Restarter.lambda$restart$1(Restarter.java:250) ~[spring-boot-devtools-3.1.10.jar:3.1.10]
	at org.springframework.boot.devtools.restart.Restarter$LeakSafeThread.run(Restarter.java:614) [spring-boot-devtools-3.1.10.jar:3.1.10]

[2024-05-27 16:04:22.729]  INFO 2252 --- [       Thread-5] o.a.c.h.Http11NioProtocol                : Stopping ProtocolHandler ["http-nio-8060"]
[2024-05-27 16:04:22.731]  INFO 2252 --- [       Thread-5] o.a.c.h.Http11NioProtocol                : Destroying ProtocolHandler ["http-nio-8060"]
[2024-05-27 16:04:22.734]  INFO 2252 --- [       Thread-5] j.LocalContainerEntityManagerFactoryBean : Closing JPA EntityManagerFactory for persistence unit 'default'
[2024-05-27 16:04:22.737]  INFO 2252 --- [       Thread-5] c.z.h.HikariDataSource                   : HikariPool-1 - Shutdown initiated...
[2024-05-27 16:04:22.739]  INFO 2252 --- [       Thread-5] c.z.h.HikariDataSource                   : HikariPool-1 - Shutdown completed.
[2024-05-27 16:04:22.839]  INFO 2252 --- [  restartedMain] c.w.WebtoonBootCafe24Application         : Starting WebtoonBootCafe24Application using Java 17.0.10 with PID 2252 (C:\Users\home\Desktop\isc\isc_new\workspace\sts-4.22_workspace\webtoonBoot_cafe24\bin\main started by home in C:\Users\home\Desktop\isc\isc_new\workspace\sts-4.22_workspace\webtoonBoot_cafe24)
[2024-05-27 16:04:22.840]  INFO 2252 --- [  restartedMain] c.w.WebtoonBootCafe24Application         : No active profile set, falling back to 1 default profile: "default"
[2024-05-27 16:04:23.027]  INFO 2252 --- [  restartedMain] .s.d.r.c.RepositoryConfigurationDelegate : Bootstrapping Spring Data JPA repositories in DEFAULT mode.
[2024-05-27 16:04:23.038]  INFO 2252 --- [  restartedMain] .s.d.r.c.RepositoryConfigurationDelegate : Finished Spring Data repository scanning in 10 ms. Found 0 JPA repository interfaces.
[2024-05-27 16:04:23.065]  WARN 2252 --- [  restartedMain] o.m.s.m.ClassPathMapperScanner           : No MyBatis mapper was found in '[com.webtoonBoot]' package. Please check your configuration.
[2024-05-27 16:04:23.101]  INFO 2252 --- [  restartedMain] o.s.b.w.e.t.TomcatWebServer              : Tomcat initialized with port(s): 8060 (http)
[2024-05-27 16:04:23.101]  INFO 2252 --- [  restartedMain] o.a.c.h.Http11NioProtocol                : Initializing ProtocolHandler ["http-nio-8060"]
[2024-05-27 16:04:23.102]  INFO 2252 --- [  restartedMain] o.a.c.c.StandardService                  : Starting service [Tomcat]
[2024-05-27 16:04:23.102]  INFO 2252 --- [  restartedMain] o.a.c.c.StandardEngine                   : Starting Servlet engine: [Apache Tomcat/10.1.19]
[2024-05-27 16:04:23.256]  INFO 2252 --- [  restartedMain] o.a.j.s.TldScanner                       : At least one JAR was scanned for TLDs yet contained no TLDs. Enable debug logging for this logger for a complete list of JARs that were scanned but no TLDs were found in them. Skipping unneeded JARs during scanning can improve startup time and JSP compilation time.
[2024-05-27 16:04:23.259]  INFO 2252 --- [  restartedMain] o.a.c.c.C.[.[.[/]                        : Initializing Spring embedded WebApplicationContext
[2024-05-27 16:04:23.260]  INFO 2252 --- [  restartedMain] w.s.c.ServletWebServerApplicationContext : Root WebApplicationContext: initialization completed in 418 ms
[2024-05-27 16:04:23.267]  INFO 2252 --- [  restartedMain] c.z.h.HikariDataSource                   : HikariPool-2 - Starting...
[2024-05-27 16:04:23.271]  INFO 2252 --- [  restartedMain] c.z.h.p.HikariPool                       : HikariPool-2 - Added connection org.mariadb.jdbc.Connection@47a2026
[2024-05-27 16:04:23.271]  INFO 2252 --- [  restartedMain] c.z.h.HikariDataSource                   : HikariPool-2 - Start completed.
[2024-05-27 16:04:23.271]  INFO 2252 --- [  restartedMain] o.s.b.a.h.H2ConsoleAutoConfiguration     : H2 console available at '/h2-console'. Database available at 'jdbc:mariadb://localhost/webtoonBoot?user=root&password=***&serverTimezone=UTC&characterEncoding=UTF-8&createDatabaseIfNotExist=true'
[2024-05-27 16:04:23.286]  WARN 2252 --- [  restartedMain] o.a.c.c.C.[.[.[/]                        : Cannot deserialize session attribute [quickGoodsList] for session [D0396C9D2532C640852E77601DCBB14B]
[2024-05-27 16:04:23.287] ERROR 2252 --- [  restartedMain] o.a.c.s.StandardManager                  : Exception loading sessions from persistent storage

java.io.InvalidClassException: java.io.ObjectStreamException; unable to create instance
	at java.io.ObjectInputStream.readOrdinaryObject(ObjectInputStream.java:2238) ~[?:?]
	at java.io.ObjectInputStream.readObject0(ObjectInputStream.java:1733) ~[?:?]
	at java.io.ObjectInputStream.readObject(ObjectInputStream.java:509) ~[?:?]
	at java.io.ObjectInputStream.readObject(ObjectInputStream.java:467) ~[?:?]
	at org.apache.catalina.session.StandardSession.doReadObject(StandardSession.java:1415) ~[tomcat-embed-core-10.1.19.jar:10.1.19]
	at org.apache.catalina.session.StandardSession.readObjectData(StandardSession.java:985) ~[tomcat-embed-core-10.1.19.jar:10.1.19]
	at org.apache.catalina.session.StandardManager.doLoad(StandardManager.java:210) ~[tomcat-embed-core-10.1.19.jar:10.1.19]
	at org.apache.catalina.session.StandardManager.load(StandardManager.java:156) ~[tomcat-embed-core-10.1.19.jar:10.1.19]
	at org.apache.catalina.session.StandardManager.startInternal(StandardManager.java:346) [tomcat-embed-core-10.1.19.jar:10.1.19]
	at org.apache.catalina.util.LifecycleBase.start(LifecycleBase.java:171) [tomcat-embed-core-10.1.19.jar:10.1.19]
	at org.apache.catalina.core.StandardContext.startInternal(StandardContext.java:4893) [tomcat-embed-core-10.1.19.jar:10.1.19]
	at org.apache.catalina.util.LifecycleBase.start(LifecycleBase.java:171) [tomcat-embed-core-10.1.19.jar:10.1.19]
	at org.apache.catalina.core.ContainerBase$StartChild.call(ContainerBase.java:1332) [tomcat-embed-core-10.1.19.jar:10.1.19]
	at org.apache.catalina.core.ContainerBase$StartChild.call(ContainerBase.java:1322) [tomcat-embed-core-10.1.19.jar:10.1.19]
	at java.util.concurrent.FutureTask.run(FutureTask.java:264) [?:?]
	at org.apache.tomcat.util.threads.InlineExecutorService.execute(InlineExecutorService.java:75) [tomcat-embed-core-10.1.19.jar:10.1.19]
	at java.util.concurrent.AbstractExecutorService.submit(AbstractExecutorService.java:145) [?:?]
	at org.apache.catalina.core.ContainerBase.startInternal(ContainerBase.java:866) [tomcat-embed-core-10.1.19.jar:10.1.19]
	at org.apache.catalina.core.StandardHost.startInternal(StandardHost.java:845) [tomcat-embed-core-10.1.19.jar:10.1.19]
	at org.apache.catalina.util.LifecycleBase.start(LifecycleBase.java:171) [tomcat-embed-core-10.1.19.jar:10.1.19]
	at org.apache.catalina.core.ContainerBase$StartChild.call(ContainerBase.java:1332) [tomcat-embed-core-10.1.19.jar:10.1.19]
	at org.apache.catalina.core.ContainerBase$StartChild.call(ContainerBase.java:1322) [tomcat-embed-core-10.1.19.jar:10.1.19]
	at java.util.concurrent.FutureTask.run(FutureTask.java:264) [?:?]
	at org.apache.tomcat.util.threads.InlineExecutorService.execute(InlineExecutorService.java:75) [tomcat-embed-core-10.1.19.jar:10.1.19]
	at java.util.concurrent.AbstractExecutorService.submit(AbstractExecutorService.java:145) [?:?]
	at org.apache.catalina.core.ContainerBase.startInternal(ContainerBase.java:866) [tomcat-embed-core-10.1.19.jar:10.1.19]
	at org.apache.catalina.core.StandardEngine.startInternal(StandardEngine.java:240) [tomcat-embed-core-10.1.19.jar:10.1.19]
	at org.apache.catalina.util.LifecycleBase.start(LifecycleBase.java:171) [tomcat-embed-core-10.1.19.jar:10.1.19]
	at org.apache.catalina.core.StandardService.startInternal(StandardService.java:433) [tomcat-embed-core-10.1.19.jar:10.1.19]
	at org.apache.catalina.util.LifecycleBase.start(LifecycleBase.java:171) [tomcat-embed-core-10.1.19.jar:10.1.19]
	at org.apache.catalina.core.StandardServer.startInternal(StandardServer.java:921) [tomcat-embed-core-10.1.19.jar:10.1.19]
	at org.apache.catalina.util.LifecycleBase.start(LifecycleBase.java:171) [tomcat-embed-core-10.1.19.jar:10.1.19]
	at org.apache.catalina.startup.Tomcat.start(Tomcat.java:437) [tomcat-embed-core-10.1.19.jar:10.1.19]
	at org.springframework.boot.web.embedded.tomcat.TomcatWebServer.initialize(TomcatWebServer.java:123) [spring-boot-3.1.10.jar:3.1.10]
	at org.springframework.boot.web.embedded.tomcat.TomcatWebServer.<init>(TomcatWebServer.java:104) [spring-boot-3.1.10.jar:3.1.10]
	at org.springframework.boot.web.embedded.tomcat.TomcatServletWebServerFactory.getTomcatWebServer(TomcatServletWebServerFactory.java:489) [spring-boot-3.1.10.jar:3.1.10]
	at org.springframework.boot.web.embedded.tomcat.TomcatServletWebServerFactory.getWebServer(TomcatServletWebServerFactory.java:211) [spring-boot-3.1.10.jar:3.1.10]
	at org.springframework.boot.web.servlet.context.ServletWebServerApplicationContext.createWebServer(ServletWebServerApplicationContext.java:183) [spring-boot-3.1.10.jar:3.1.10]
	at org.springframework.boot.web.servlet.context.ServletWebServerApplicationContext.onRefresh(ServletWebServerApplicationContext.java:161) [spring-boot-3.1.10.jar:3.1.10]
	at org.springframework.context.support.AbstractApplicationContext.refresh(AbstractApplicationContext.java:609) [spring-context-6.0.18.jar:6.0.18]
	at org.springframework.boot.web.servlet.context.ServletWebServerApplicationContext.refresh(ServletWebServerApplicationContext.java:146) [spring-boot-3.1.10.jar:3.1.10]
	at org.springframework.boot.SpringApplication.refresh(SpringApplication.java:738) [spring-boot-3.1.10.jar:3.1.10]
	at org.springframework.boot.SpringApplication.refreshContext(SpringApplication.java:440) [spring-boot-3.1.10.jar:3.1.10]
	at org.springframework.boot.SpringApplication.run(SpringApplication.java:324) [spring-boot-3.1.10.jar:3.1.10]
	at org.springframework.boot.SpringApplication.run(SpringApplication.java:1317) [spring-boot-3.1.10.jar:3.1.10]
	at org.springframework.boot.SpringApplication.run(SpringApplication.java:1306) [spring-boot-3.1.10.jar:3.1.10]
	at com.webtoonBoot.WebtoonBootCafe24Application.main(WebtoonBootCafe24Application.java:10) [main/:?]
	at jdk.internal.reflect.NativeMethodAccessorImpl.invoke0(Native Method) ~[?:?]
	at jdk.internal.reflect.NativeMethodAccessorImpl.invoke(NativeMethodAccessorImpl.java:77) ~[?:?]
	at jdk.internal.reflect.DelegatingMethodAccessorImpl.invoke(DelegatingMethodAccessorImpl.java:43) ~[?:?]
	at java.lang.reflect.Method.invoke(Method.java:568) ~[?:?]
	at org.springframework.boot.devtools.restart.RestartLauncher.run(RestartLauncher.java:50) [spring-boot-devtools-3.1.10.jar:3.1.10]
Caused by: java.lang.InstantiationException
	at java.io.ObjectStreamClass.newInstance(ObjectStreamClass.java:1049) ~[?:?]
	at java.io.ObjectInputStream.readOrdinaryObject(ObjectInputStream.java:2235) ~[?:?]
	... 51 more
Caused by: java.lang.InstantiationError: java.io.ObjectStreamException
	at jdk.internal.reflect.GeneratedSerializationConstructorAccessor41.newInstance(Unknown Source) ~[?:?]
	at java.lang.reflect.Constructor.newInstanceWithCaller(Constructor.java:499) ~[?:?]
	at java.lang.reflect.Constructor.newInstance(Constructor.java:480) ~[?:?]
	at java.io.ObjectStreamClass.newInstance(ObjectStreamClass.java:1017) ~[?:?]
	at java.io.ObjectInputStream.readOrdinaryObject(ObjectInputStream.java:2235) ~[?:?]
	... 51 more

[2024-05-27 16:04:23.308]  INFO 2252 --- [  restartedMain] o.h.j.i.u.LogHelper                      : HHH000204: Processing PersistenceUnitInfo [name: default]
[2024-05-27 16:04:23.314]  INFO 2252 --- [  restartedMain] o.s.o.j.p.SpringPersistenceUnitInfo      : No LoadTimeWeaver setup: ignoring JPA class transformer
[2024-05-27 16:04:23.316]  WARN 2252 --- [  restartedMain] o.h.d.Dialect                            : HHH000511: The 10.1.0 version for [org.hibernate.dialect.MariaDBDialect] is no longer supported, hence certain features may not work properly. The minimum supported version is 10.3.0. Check the community dialects project for available legacy versions.
[2024-05-27 16:04:23.325]  INFO 2252 --- [  restartedMain] o.h.e.t.j.p.i.JtaPlatformInitiator       : HHH000489: No JTA platform available (set 'hibernate.transaction.jta.platform' to enable JTA platform integration)
[2024-05-27 16:04:23.326]  INFO 2252 --- [  restartedMain] j.LocalContainerEntityManagerFactoryBean : Initialized JPA EntityManagerFactory for persistence unit 'default'
[2024-05-27 16:04:23.469]  WARN 2252 --- [  restartedMain] JpaBaseConfiguration$JpaWebConfiguration : spring.jpa.open-in-view is enabled by default. Therefore, database queries may be performed during view rendering. Explicitly configure spring.jpa.open-in-view to disable this warning
[2024-05-27 16:04:23.550]  INFO 2252 --- [  restartedMain] o.s.b.d.a.OptionalLiveReloadServer       : LiveReload server is running on port 35729
[2024-05-27 16:04:23.559]  INFO 2252 --- [  restartedMain] o.a.c.h.Http11NioProtocol                : Starting ProtocolHandler ["http-nio-8060"]
[2024-05-27 16:04:23.564]  INFO 2252 --- [  restartedMain] o.s.b.w.e.t.TomcatWebServer              : Tomcat started on port(s): 8060 (http) with context path ''
[2024-05-27 16:04:23.567]  INFO 2252 --- [  restartedMain] c.w.WebtoonBootCafe24Application         : Started WebtoonBootCafe24Application in 0.776 seconds (process running for 134.93)
[2024-05-27 16:04:23.570]  INFO 2252 --- [  restartedMain] .ConditionEvaluationDeltaLoggingListener : Condition evaluation unchanged
[2024-05-27 16:04:42.836]  INFO 2252 --- [   File Watcher] rtingClassPathChangeChangedEventListener : Restarting due to 1 class path change (0 additions, 0 deletions, 1 modification)
[2024-05-27 16:04:42.851]  INFO 2252 --- [       Thread-7] o.a.c.h.Http11NioProtocol                : Pausing ProtocolHandler ["http-nio-8060"]
[2024-05-27 16:04:42.851]  INFO 2252 --- [       Thread-7] o.a.c.c.StandardService                  : Stopping service [Tomcat]
[2024-05-27 16:04:42.853]  INFO 2252 --- [       Thread-7] o.a.c.h.Http11NioProtocol                : Stopping ProtocolHandler ["http-nio-8060"]
[2024-05-27 16:04:42.854]  INFO 2252 --- [       Thread-7] o.a.c.h.Http11NioProtocol                : Destroying ProtocolHandler ["http-nio-8060"]
[2024-05-27 16:04:42.855]  INFO 2252 --- [       Thread-7] j.LocalContainerEntityManagerFactoryBean : Closing JPA EntityManagerFactory for persistence unit 'default'
[2024-05-27 16:04:42.855]  INFO 2252 --- [       Thread-7] c.z.h.HikariDataSource                   : HikariPool-2 - Shutdown initiated...
[2024-05-27 16:04:42.856]  INFO 2252 --- [       Thread-7] c.z.h.HikariDataSource                   : HikariPool-2 - Shutdown completed.
[2024-05-27 16:04:42.949]  INFO 2252 --- [  restartedMain] c.w.WebtoonBootCafe24Application         : Starting WebtoonBootCafe24Application using Java 17.0.10 with PID 2252 (C:\Users\home\Desktop\isc\isc_new\workspace\sts-4.22_workspace\webtoonBoot_cafe24\bin\main started by home in C:\Users\home\Desktop\isc\isc_new\workspace\sts-4.22_workspace\webtoonBoot_cafe24)
[2024-05-27 16:04:42.949]  INFO 2252 --- [  restartedMain] c.w.WebtoonBootCafe24Application         : No active profile set, falling back to 1 default profile: "default"
[2024-05-27 16:04:43.090]  INFO 2252 --- [  restartedMain] .s.d.r.c.RepositoryConfigurationDelegate : Bootstrapping Spring Data JPA repositories in DEFAULT mode.
[2024-05-27 16:04:43.101]  INFO 2252 --- [  restartedMain] .s.d.r.c.RepositoryConfigurationDelegate : Finished Spring Data repository scanning in 10 ms. Found 0 JPA repository interfaces.
[2024-05-27 16:04:43.125]  WARN 2252 --- [  restartedMain] o.m.s.m.ClassPathMapperScanner           : No MyBatis mapper was found in '[com.webtoonBoot]' package. Please check your configuration.
[2024-05-27 16:04:43.156]  INFO 2252 --- [  restartedMain] o.s.b.w.e.t.TomcatWebServer              : Tomcat initialized with port(s): 8060 (http)
[2024-05-27 16:04:43.156]  INFO 2252 --- [  restartedMain] o.a.c.h.Http11NioProtocol                : Initializing ProtocolHandler ["http-nio-8060"]
[2024-05-27 16:04:43.157]  INFO 2252 --- [  restartedMain] o.a.c.c.StandardService                  : Starting service [Tomcat]
[2024-05-27 16:04:43.157]  INFO 2252 --- [  restartedMain] o.a.c.c.StandardEngine                   : Starting Servlet engine: [Apache Tomcat/10.1.19]
[2024-05-27 16:04:43.279]  INFO 2252 --- [  restartedMain] o.a.j.s.TldScanner                       : At least one JAR was scanned for TLDs yet contained no TLDs. Enable debug logging for this logger for a complete list of JARs that were scanned but no TLDs were found in them. Skipping unneeded JARs during scanning can improve startup time and JSP compilation time.
[2024-05-27 16:04:43.282]  INFO 2252 --- [  restartedMain] o.a.c.c.C.[.[.[/]                        : Initializing Spring embedded WebApplicationContext
[2024-05-27 16:04:43.282]  INFO 2252 --- [  restartedMain] w.s.c.ServletWebServerApplicationContext : Root WebApplicationContext: initialization completed in 331 ms
[2024-05-27 16:04:43.288]  INFO 2252 --- [  restartedMain] c.z.h.HikariDataSource                   : HikariPool-3 - Starting...
[2024-05-27 16:04:43.291]  INFO 2252 --- [  restartedMain] c.z.h.p.HikariPool                       : HikariPool-3 - Added connection org.mariadb.jdbc.Connection@5b93ae38
[2024-05-27 16:04:43.291]  INFO 2252 --- [  restartedMain] c.z.h.HikariDataSource                   : HikariPool-3 - Start completed.
[2024-05-27 16:04:43.291]  INFO 2252 --- [  restartedMain] o.s.b.a.h.H2ConsoleAutoConfiguration     : H2 console available at '/h2-console'. Database available at 'jdbc:mariadb://localhost/webtoonBoot?user=root&password=***&serverTimezone=UTC&characterEncoding=UTF-8&createDatabaseIfNotExist=true'
[2024-05-27 16:04:43.312]  INFO 2252 --- [  restartedMain] o.h.j.i.u.LogHelper                      : HHH000204: Processing PersistenceUnitInfo [name: default]
[2024-05-27 16:04:43.317]  INFO 2252 --- [  restartedMain] o.s.o.j.p.SpringPersistenceUnitInfo      : No LoadTimeWeaver setup: ignoring JPA class transformer
[2024-05-27 16:04:43.318]  WARN 2252 --- [  restartedMain] o.h.d.Dialect                            : HHH000511: The 10.1.0 version for [org.hibernate.dialect.MariaDBDialect] is no longer supported, hence certain features may not work properly. The minimum supported version is 10.3.0. Check the community dialects project for available legacy versions.
[2024-05-27 16:04:43.326]  INFO 2252 --- [  restartedMain] o.h.e.t.j.p.i.JtaPlatformInitiator       : HHH000489: No JTA platform available (set 'hibernate.transaction.jta.platform' to enable JTA platform integration)
[2024-05-27 16:04:43.326]  INFO 2252 --- [  restartedMain] j.LocalContainerEntityManagerFactoryBean : Initialized JPA EntityManagerFactory for persistence unit 'default'
[2024-05-27 16:04:43.417]  WARN 2252 --- [  restartedMain] JpaBaseConfiguration$JpaWebConfiguration : spring.jpa.open-in-view is enabled by default. Therefore, database queries may be performed during view rendering. Explicitly configure spring.jpa.open-in-view to disable this warning
[2024-05-27 16:04:43.482]  INFO 2252 --- [  restartedMain] o.s.b.d.a.OptionalLiveReloadServer       : LiveReload server is running on port 35729
[2024-05-27 16:04:43.488]  INFO 2252 --- [  restartedMain] o.a.c.h.Http11NioProtocol                : Starting ProtocolHandler ["http-nio-8060"]
[2024-05-27 16:04:43.492]  INFO 2252 --- [  restartedMain] o.s.b.w.e.t.TomcatWebServer              : Tomcat started on port(s): 8060 (http) with context path ''
[2024-05-27 16:04:43.496]  INFO 2252 --- [  restartedMain] c.w.WebtoonBootCafe24Application         : Started WebtoonBootCafe24Application in 0.586 seconds (process running for 154.858)
[2024-05-27 16:04:43.497]  INFO 2252 --- [  restartedMain] .ConditionEvaluationDeltaLoggingListener : Condition evaluation unchanged
[2024-05-27 16:04:53.385]  INFO 2252 --- [   File Watcher] rtingClassPathChangeChangedEventListener : Restarting due to 1 class path change (0 additions, 0 deletions, 1 modification)
[2024-05-27 16:04:53.402]  INFO 2252 --- [      Thread-11] o.a.c.h.Http11NioProtocol                : Pausing ProtocolHandler ["http-nio-8060"]
[2024-05-27 16:04:53.403]  INFO 2252 --- [      Thread-11] o.a.c.c.StandardService                  : Stopping service [Tomcat]
[2024-05-27 16:04:53.404]  INFO 2252 --- [      Thread-11] o.a.c.h.Http11NioProtocol                : Stopping ProtocolHandler ["http-nio-8060"]
[2024-05-27 16:04:53.404]  INFO 2252 --- [      Thread-11] o.a.c.h.Http11NioProtocol                : Destroying ProtocolHandler ["http-nio-8060"]
[2024-05-27 16:04:53.406]  INFO 2252 --- [      Thread-11] j.LocalContainerEntityManagerFactoryBean : Closing JPA EntityManagerFactory for persistence unit 'default'
[2024-05-27 16:04:53.406]  INFO 2252 --- [      Thread-11] c.z.h.HikariDataSource                   : HikariPool-3 - Shutdown initiated...
[2024-05-27 16:04:53.407]  INFO 2252 --- [      Thread-11] c.z.h.HikariDataSource                   : HikariPool-3 - Shutdown completed.
[2024-05-27 16:04:53.472]  INFO 2252 --- [  restartedMain] c.w.WebtoonBootCafe24Application         : Starting WebtoonBootCafe24Application using Java 17.0.10 with PID 2252 (C:\Users\home\Desktop\isc\isc_new\workspace\sts-4.22_workspace\webtoonBoot_cafe24\bin\main started by home in C:\Users\home\Desktop\isc\isc_new\workspace\sts-4.22_workspace\webtoonBoot_cafe24)
[2024-05-27 16:04:53.472]  INFO 2252 --- [  restartedMain] c.w.WebtoonBootCafe24Application         : No active profile set, falling back to 1 default profile: "default"
[2024-05-27 16:04:53.607]  INFO 2252 --- [  restartedMain] .s.d.r.c.RepositoryConfigurationDelegate : Bootstrapping Spring Data JPA repositories in DEFAULT mode.
[2024-05-27 16:04:53.617]  INFO 2252 --- [  restartedMain] .s.d.r.c.RepositoryConfigurationDelegate : Finished Spring Data repository scanning in 9 ms. Found 0 JPA repository interfaces.
[2024-05-27 16:04:53.638]  WARN 2252 --- [  restartedMain] o.m.s.m.ClassPathMapperScanner           : No MyBatis mapper was found in '[com.webtoonBoot]' package. Please check your configuration.
[2024-05-27 16:04:53.672]  INFO 2252 --- [  restartedMain] o.s.b.w.e.t.TomcatWebServer              : Tomcat initialized with port(s): 8060 (http)
[2024-05-27 16:04:53.672]  INFO 2252 --- [  restartedMain] o.a.c.h.Http11NioProtocol                : Initializing ProtocolHandler ["http-nio-8060"]
[2024-05-27 16:04:53.672]  INFO 2252 --- [  restartedMain] o.a.c.c.StandardService                  : Starting service [Tomcat]
[2024-05-27 16:04:53.673]  INFO 2252 --- [  restartedMain] o.a.c.c.StandardEngine                   : Starting Servlet engine: [Apache Tomcat/10.1.19]
[2024-05-27 16:04:53.792]  INFO 2252 --- [  restartedMain] o.a.j.s.TldScanner                       : At least one JAR was scanned for TLDs yet contained no TLDs. Enable debug logging for this logger for a complete list of JARs that were scanned but no TLDs were found in them. Skipping unneeded JARs during scanning can improve startup time and JSP compilation time.
[2024-05-27 16:04:53.794]  INFO 2252 --- [  restartedMain] o.a.c.c.C.[.[.[/]                        : Initializing Spring embedded WebApplicationContext
[2024-05-27 16:04:53.794]  INFO 2252 --- [  restartedMain] w.s.c.ServletWebServerApplicationContext : Root WebApplicationContext: initialization completed in 320 ms
[2024-05-27 16:04:53.801]  INFO 2252 --- [  restartedMain] c.z.h.HikariDataSource                   : HikariPool-4 - Starting...
[2024-05-27 16:04:53.804]  INFO 2252 --- [  restartedMain] c.z.h.p.HikariPool                       : HikariPool-4 - Added connection org.mariadb.jdbc.Connection@4f77964d
[2024-05-27 16:04:53.804]  INFO 2252 --- [  restartedMain] c.z.h.HikariDataSource                   : HikariPool-4 - Start completed.
[2024-05-27 16:04:53.804]  INFO 2252 --- [  restartedMain] o.s.b.a.h.H2ConsoleAutoConfiguration     : H2 console available at '/h2-console'. Database available at 'jdbc:mariadb://localhost/webtoonBoot?user=root&password=***&serverTimezone=UTC&characterEncoding=UTF-8&createDatabaseIfNotExist=true'
[2024-05-27 16:04:53.822]  INFO 2252 --- [  restartedMain] o.h.j.i.u.LogHelper                      : HHH000204: Processing PersistenceUnitInfo [name: default]
[2024-05-27 16:04:53.827]  INFO 2252 --- [  restartedMain] o.s.o.j.p.SpringPersistenceUnitInfo      : No LoadTimeWeaver setup: ignoring JPA class transformer
[2024-05-27 16:04:53.828]  WARN 2252 --- [  restartedMain] o.h.d.Dialect                            : HHH000511: The 10.1.0 version for [org.hibernate.dialect.MariaDBDialect] is no longer supported, hence certain features may not work properly. The minimum supported version is 10.3.0. Check the community dialects project for available legacy versions.
[2024-05-27 16:04:53.836]  INFO 2252 --- [  restartedMain] o.h.e.t.j.p.i.JtaPlatformInitiator       : HHH000489: No JTA platform available (set 'hibernate.transaction.jta.platform' to enable JTA platform integration)
[2024-05-27 16:04:53.836]  INFO 2252 --- [  restartedMain] j.LocalContainerEntityManagerFactoryBean : Initialized JPA EntityManagerFactory for persistence unit 'default'
[2024-05-27 16:04:53.920]  WARN 2252 --- [  restartedMain] JpaBaseConfiguration$JpaWebConfiguration : spring.jpa.open-in-view is enabled by default. Therefore, database queries may be performed during view rendering. Explicitly configure spring.jpa.open-in-view to disable this warning
[2024-05-27 16:04:53.985]  INFO 2252 --- [  restartedMain] o.s.b.d.a.OptionalLiveReloadServer       : LiveReload server is running on port 35729
[2024-05-27 16:04:53.991]  INFO 2252 --- [  restartedMain] o.a.c.h.Http11NioProtocol                : Starting ProtocolHandler ["http-nio-8060"]
[2024-05-27 16:04:53.996]  INFO 2252 --- [  restartedMain] o.s.b.w.e.t.TomcatWebServer              : Tomcat started on port(s): 8060 (http) with context path ''
[2024-05-27 16:04:53.999]  INFO 2252 --- [  restartedMain] c.w.WebtoonBootCafe24Application         : Started WebtoonBootCafe24Application in 0.558 seconds (process running for 165.361)
[2024-05-27 16:04:54.000]  INFO 2252 --- [  restartedMain] .ConditionEvaluationDeltaLoggingListener : Condition evaluation unchanged
