[2024-06-19 15:39:23.289]  INFO 7152 --- [n(11)-127.0.0.1] inMXBeanRegistrar$SpringApplicationAdmin : Application shutdown requested.
[2024-06-19 15:39:23.313]  INFO 7152 --- [n(11)-127.0.0.1] o.a.c.h.Http11NioProtocol                : Pausing ProtocolHandler ["http-nio-8060"]
[2024-06-19 15:39:23.314]  INFO 7152 --- [n(11)-127.0.0.1] o.a.c.c.StandardService                  : Stopping service [Tomcat]
[2024-06-19 15:39:23.315]  INFO 7152 --- [n(11)-127.0.0.1] o.a.c.c.C.[.[.[/]                        : Destroying Spring FrameworkServlet 'dispatcherServlet'
[2024-06-19 15:39:23.316]  WARN 7152 --- [n(11)-127.0.0.1] o.a.c.c.C.[.[.[/]                        : Cannot serialize session attribute [cartMap] for session [8400B9826F217C409C673DB8E090D48C]

java.io.NotSerializableException: com.webtoonBoot.cart.vo.CartVO
	at java.io.ObjectOutputStream.writeObject0(ObjectOutputStream.java:1187) ~[?:?]
	at java.io.ObjectOutputStream.writeObject(ObjectOutputStream.java:350) ~[?:?]
	at java.util.ArrayList.writeObject(ArrayList.java:866) ~[?:?]
	at jdk.internal.reflect.NativeMethodAccessorImpl.invoke0(Native Method) ~[?:?]
	at jdk.internal.reflect.NativeMethodAccessorImpl.invoke(NativeMethodAccessorImpl.java:77) ~[?:?]
	at jdk.internal.reflect.DelegatingMethodAccessorImpl.invoke(DelegatingMethodAccessorImpl.java:43) ~[?:?]
	at java.lang.reflect.Method.invoke(Method.java:568) ~[?:?]
	at java.io.ObjectStreamClass.invokeWriteObject(ObjectStreamClass.java:1070) ~[?:?]
	at java.io.ObjectOutputStream.writeSerialData(ObjectOutputStream.java:1516) ~[?:?]
	at java.io.ObjectOutputStream.writeOrdinaryObject(ObjectOutputStream.java:1438) ~[?:?]
	at java.io.ObjectOutputStream.writeObject0(ObjectOutputStream.java:1181) ~[?:?]
	at java.io.ObjectOutputStream.writeObject(ObjectOutputStream.java:350) ~[?:?]
	at java.util.HashMap.internalWriteEntries(HashMap.java:1944) ~[?:?]
	at java.util.HashMap.writeObject(HashMap.java:1497) ~[?:?]
	at jdk.internal.reflect.NativeMethodAccessorImpl.invoke0(Native Method) ~[?:?]
	at jdk.internal.reflect.NativeMethodAccessorImpl.invoke(NativeMethodAccessorImpl.java:77) ~[?:?]
	at jdk.internal.reflect.DelegatingMethodAccessorImpl.invoke(DelegatingMethodAccessorImpl.java:43) ~[?:?]
	at java.lang.reflect.Method.invoke(Method.java:568) ~[?:?]
	at java.io.ObjectStreamClass.invokeWriteObject(ObjectStreamClass.java:1070) ~[?:?]
	at java.io.ObjectOutputStream.writeSerialData(ObjectOutputStream.java:1516) ~[?:?]
	at java.io.ObjectOutputStream.writeOrdinaryObject(ObjectOutputStream.java:1438) ~[?:?]
	at java.io.ObjectOutputStream.writeObject0(ObjectOutputStream.java:1181) ~[?:?]
	at java.io.ObjectOutputStream.writeObject(ObjectOutputStream.java:350) ~[?:?]
	at org.apache.catalina.session.StandardSession.doWriteObject(StandardSession.java:1526) ~[tomcat-embed-core-10.1.19.jar:10.1.19]
	at org.apache.catalina.session.StandardSession.writeObjectData(StandardSession.java:1000) ~[tomcat-embed-core-10.1.19.jar:10.1.19]
	at org.apache.catalina.session.StandardManager.doUnload(StandardManager.java:307) ~[tomcat-embed-core-10.1.19.jar:10.1.19]
	at org.apache.catalina.session.StandardManager.unload(StandardManager.java:259) ~[tomcat-embed-core-10.1.19.jar:10.1.19]
	at org.apache.catalina.session.StandardManager.stopInternal(StandardManager.java:374) ~[tomcat-embed-core-10.1.19.jar:10.1.19]
	at org.apache.catalina.util.LifecycleBase.stop(LifecycleBase.java:242) ~[tomcat-embed-core-10.1.19.jar:10.1.19]
	at org.apache.catalina.core.StandardContext.stopInternal(StandardContext.java:5105) ~[tomcat-embed-core-10.1.19.jar:10.1.19]
	at org.apache.catalina.util.LifecycleBase.stop(LifecycleBase.java:242) ~[tomcat-embed-core-10.1.19.jar:10.1.19]
	at org.apache.catalina.core.ContainerBase$StopChild.call(ContainerBase.java:1348) ~[tomcat-embed-core-10.1.19.jar:10.1.19]
	at org.apache.catalina.core.ContainerBase$StopChild.call(ContainerBase.java:1337) ~[tomcat-embed-core-10.1.19.jar:10.1.19]
	at java.util.concurrent.FutureTask.run(FutureTask.java:264) ~[?:?]
	at org.apache.tomcat.util.threads.InlineExecutorService.execute(InlineExecutorService.java:75) ~[tomcat-embed-core-10.1.19.jar:10.1.19]
	at java.util.concurrent.AbstractExecutorService.submit(AbstractExecutorService.java:145) ~[?:?]
	at org.apache.catalina.core.ContainerBase.stopInternal(ContainerBase.java:931) ~[tomcat-embed-core-10.1.19.jar:10.1.19]
	at org.apache.catalina.util.LifecycleBase.stop(LifecycleBase.java:242) ~[tomcat-embed-core-10.1.19.jar:10.1.19]
	at org.apache.catalina.core.ContainerBase$StopChild.call(ContainerBase.java:1348) ~[tomcat-embed-core-10.1.19.jar:10.1.19]
	at org.apache.catalina.core.ContainerBase$StopChild.call(ContainerBase.java:1337) ~[tomcat-embed-core-10.1.19.jar:10.1.19]
	at java.util.concurrent.FutureTask.run(FutureTask.java:264) ~[?:?]
	at org.apache.tomcat.util.threads.InlineExecutorService.execute(InlineExecutorService.java:75) ~[tomcat-embed-core-10.1.19.jar:10.1.19]
	at java.util.concurrent.AbstractExecutorService.submit(AbstractExecutorService.java:145) ~[?:?]
	at org.apache.catalina.core.ContainerBase.stopInternal(ContainerBase.java:931) ~[tomcat-embed-core-10.1.19.jar:10.1.19]
	at org.apache.catalina.util.LifecycleBase.stop(LifecycleBase.java:242) ~[tomcat-embed-core-10.1.19.jar:10.1.19]
	at org.apache.catalina.core.StandardService.stopInternal(StandardService.java:496) ~[tomcat-embed-core-10.1.19.jar:10.1.19]
	at org.apache.catalina.util.LifecycleBase.stop(LifecycleBase.java:242) ~[tomcat-embed-core-10.1.19.jar:10.1.19]
	at org.apache.catalina.core.StandardServer.stopInternal(StandardServer.java:974) ~[tomcat-embed-core-10.1.19.jar:10.1.19]
	at org.apache.catalina.util.LifecycleBase.stop(LifecycleBase.java:242) ~[tomcat-embed-core-10.1.19.jar:10.1.19]
	at org.apache.catalina.startup.Tomcat.stop(Tomcat.java:447) ~[tomcat-embed-core-10.1.19.jar:10.1.19]
	at org.springframework.boot.web.embedded.tomcat.TomcatWebServer.stopTomcat(TomcatWebServer.java:273) ~[spring-boot-3.1.10.jar:3.1.10]
	at org.springframework.boot.web.embedded.tomcat.TomcatWebServer.stop(TomcatWebServer.java:331) ~[spring-boot-3.1.10.jar:3.1.10]
	at org.springframework.boot.web.servlet.context.WebServerStartStopLifecycle.stop(WebServerStartStopLifecycle.java:53) ~[spring-boot-3.1.10.jar:3.1.10]
	at org.springframework.context.SmartLifecycle.stop(SmartLifecycle.java:117) ~[spring-context-6.0.18.jar:6.0.18]
	at org.springframework.context.support.DefaultLifecycleProcessor.doStop(DefaultLifecycleProcessor.java:239) ~[spring-context-6.0.18.jar:6.0.18]
	at org.springframework.context.support.DefaultLifecycleProcessor$LifecycleGroup.stop(DefaultLifecycleProcessor.java:380) ~[spring-context-6.0.18.jar:6.0.18]
	at org.springframework.context.support.DefaultLifecycleProcessor.stopBeans(DefaultLifecycleProcessor.java:211) ~[spring-context-6.0.18.jar:6.0.18]
	at org.springframework.context.support.DefaultLifecycleProcessor.onClose(DefaultLifecycleProcessor.java:134) ~[spring-context-6.0.18.jar:6.0.18]
	at org.springframework.context.support.AbstractApplicationContext.doClose(AbstractApplicationContext.java:1078) ~[spring-context-6.0.18.jar:6.0.18]
	at org.springframework.boot.web.servlet.context.ServletWebServerApplicationContext.doClose(ServletWebServerApplicationContext.java:173) ~[spring-boot-3.1.10.jar:3.1.10]
	at org.springframework.context.support.AbstractApplicationContext.close(AbstractApplicationContext.java:1037) ~[spring-context-6.0.18.jar:6.0.18]
	at org.springframework.boot.admin.SpringApplicationAdminMXBeanRegistrar$SpringApplicationAdmin.shutdown(SpringApplicationAdminMXBeanRegistrar.java:160) ~[spring-boot-3.1.10.jar:3.1.10]
	at jdk.internal.reflect.NativeMethodAccessorImpl.invoke0(Native Method) ~[?:?]
	at jdk.internal.reflect.NativeMethodAccessorImpl.invoke(NativeMethodAccessorImpl.java:77) ~[?:?]
	at jdk.internal.reflect.DelegatingMethodAccessorImpl.invoke(DelegatingMethodAccessorImpl.java:43) ~[?:?]
	at java.lang.reflect.Method.invoke(Method.java:568) ~[?:?]
	at sun.reflect.misc.Trampoline.invoke(MethodUtil.java:72) ~[?:?]
	at jdk.internal.reflect.GeneratedMethodAccessor27.invoke(Unknown Source) ~[?:?]
	at jdk.internal.reflect.DelegatingMethodAccessorImpl.invoke(DelegatingMethodAccessorImpl.java:43) ~[?:?]
	at java.lang.reflect.Method.invoke(Method.java:568) ~[?:?]
	at sun.reflect.misc.MethodUtil.invoke(MethodUtil.java:262) ~[?:?]
	at com.sun.jmx.mbeanserver.ConvertingMethod.invokeWithOpenReturn(ConvertingMethod.java:193) ~[?:?]
	at com.sun.jmx.mbeanserver.ConvertingMethod.invokeWithOpenReturn(ConvertingMethod.java:175) ~[?:?]
	at com.sun.jmx.mbeanserver.MXBeanIntrospector.invokeM2(MXBeanIntrospector.java:117) ~[?:?]
	at com.sun.jmx.mbeanserver.MXBeanIntrospector.invokeM2(MXBeanIntrospector.java:54) ~[?:?]
	at com.sun.jmx.mbeanserver.MBeanIntrospector.invokeM(MBeanIntrospector.java:237) ~[?:?]
	at com.sun.jmx.mbeanserver.PerInterface.invoke(PerInterface.java:138) ~[?:?]
	at com.sun.jmx.mbeanserver.MBeanSupport.invoke(MBeanSupport.java:252) ~[?:?]
	at com.sun.jmx.interceptor.DefaultMBeanServerInterceptor.invoke(DefaultMBeanServerInterceptor.java:814) ~[?:?]
	at com.sun.jmx.mbeanserver.JmxMBeanServer.invoke(JmxMBeanServer.java:802) ~[?:?]
	at javax.management.remote.rmi.RMIConnectionImpl.doOperation(RMIConnectionImpl.java:1472) ~[?:?]
	at javax.management.remote.rmi.RMIConnectionImpl$PrivilegedOperation.run(RMIConnectionImpl.java:1310) ~[?:?]
	at javax.management.remote.rmi.RMIConnectionImpl.doPrivilegedOperation(RMIConnectionImpl.java:1405) ~[?:?]
	at javax.management.remote.rmi.RMIConnectionImpl.invoke(RMIConnectionImpl.java:829) ~[?:?]
	at jdk.internal.reflect.GeneratedMethodAccessor28.invoke(Unknown Source) ~[?:?]
	at jdk.internal.reflect.DelegatingMethodAccessorImpl.invoke(DelegatingMethodAccessorImpl.java:43) ~[?:?]
	at java.lang.reflect.Method.invoke(Method.java:568) ~[?:?]
	at sun.rmi.server.UnicastServerRef.dispatch(UnicastServerRef.java:360) ~[?:?]
	at sun.rmi.transport.Transport$1.run(Transport.java:200) ~[?:?]
	at sun.rmi.transport.Transport$1.run(Transport.java:197) ~[?:?]
	at java.security.AccessController.doPrivileged(AccessController.java:712) [?:?]
	at sun.rmi.transport.Transport.serviceCall(Transport.java:196) ~[?:?]
	at sun.rmi.transport.tcp.TCPTransport.handleMessages(TCPTransport.java:587) ~[?:?]
	at sun.rmi.transport.tcp.TCPTransport$ConnectionHandler.run0(TCPTransport.java:828) ~[?:?]
	at sun.rmi.transport.tcp.TCPTransport$ConnectionHandler.lambda$run$0(TCPTransport.java:705) ~[?:?]
	at java.security.AccessController.doPrivileged(AccessController.java:399) [?:?]
	at sun.rmi.transport.tcp.TCPTransport$ConnectionHandler.run(TCPTransport.java:704) [?:?]
	at java.util.concurrent.ThreadPoolExecutor.runWorker(ThreadPoolExecutor.java:1136) [?:?]
	at java.util.concurrent.ThreadPoolExecutor$Worker.run(ThreadPoolExecutor.java:635) [?:?]
	at java.lang.Thread.run(Thread.java:840) [?:?]

[2024-06-19 15:39:23.326]  INFO 7152 --- [n(11)-127.0.0.1] o.a.c.h.Http11NioProtocol                : Stopping ProtocolHandler ["http-nio-8060"]
[2024-06-19 15:39:23.327]  INFO 7152 --- [n(11)-127.0.0.1] o.a.c.h.Http11NioProtocol                : Destroying ProtocolHandler ["http-nio-8060"]
[2024-06-19 15:39:23.329]  INFO 7152 --- [n(11)-127.0.0.1] j.LocalContainerEntityManagerFactoryBean : Closing JPA EntityManagerFactory for persistence unit 'default'
[2024-06-19 15:39:23.331]  INFO 7152 --- [n(11)-127.0.0.1] c.z.h.HikariDataSource                   : HikariPool-1 - Shutdown initiated...
[2024-06-19 15:39:23.334]  INFO 7152 --- [n(11)-127.0.0.1] c.z.h.HikariDataSource                   : HikariPool-1 - Shutdown completed.
[2024-06-19 15:39:25.123]  INFO 26844 --- [  restartedMain] c.w.WebtoonBootCafe24Application         : Starting WebtoonBootCafe24Application using Java 17.0.10 with PID 26844 (C:\Users\home\Desktop\isc\isc_new\workspace\sts-4.22_workspace\webtoonBoot_cafe24\bin\main started by home in C:\Users\home\Desktop\isc\isc_new\workspace\sts-4.22_workspace\webtoonBoot_cafe24)
[2024-06-19 15:39:25.130]  INFO 26844 --- [  restartedMain] c.w.WebtoonBootCafe24Application         : No active profile set, falling back to 1 default profile: "default"
[2024-06-19 15:39:25.303]  INFO 26844 --- [  restartedMain] .e.DevToolsPropertyDefaultsPostProcessor : Devtools property defaults active! Set 'spring.devtools.add-properties' to 'false' to disable
[2024-06-19 15:39:25.303]  INFO 26844 --- [  restartedMain] .e.DevToolsPropertyDefaultsPostProcessor : For additional web related logging consider setting the 'logging.level.web' property to 'DEBUG'
[2024-06-19 15:39:25.749]  INFO 26844 --- [  restartedMain] .s.d.r.c.RepositoryConfigurationDelegate : Bootstrapping Spring Data JPA repositories in DEFAULT mode.
[2024-06-19 15:39:25.770]  INFO 26844 --- [  restartedMain] .s.d.r.c.RepositoryConfigurationDelegate : Finished Spring Data repository scanning in 15 ms. Found 0 JPA repository interfaces.
[2024-06-19 15:39:25.844]  WARN 26844 --- [  restartedMain] o.m.s.m.ClassPathMapperScanner           : No MyBatis mapper was found in '[com.webtoonBoot]' package. Please check your configuration.
[2024-06-19 15:39:26.195]  INFO 26844 --- [  restartedMain] o.s.b.w.e.t.TomcatWebServer              : Tomcat initialized with port(s): 8060 (http)
[2024-06-19 15:39:26.202]  INFO 26844 --- [  restartedMain] o.a.c.h.Http11NioProtocol                : Initializing ProtocolHandler ["http-nio-8060"]
[2024-06-19 15:39:26.203]  INFO 26844 --- [  restartedMain] o.a.c.c.StandardService                  : Starting service [Tomcat]
[2024-06-19 15:39:26.204]  INFO 26844 --- [  restartedMain] o.a.c.c.StandardEngine                   : Starting Servlet engine: [Apache Tomcat/10.1.19]
[2024-06-19 15:39:26.414]  INFO 26844 --- [  restartedMain] o.a.j.s.TldScanner                       : At least one JAR was scanned for TLDs yet contained no TLDs. Enable debug logging for this logger for a complete list of JARs that were scanned but no TLDs were found in them. Skipping unneeded JARs during scanning can improve startup time and JSP compilation time.
[2024-06-19 15:39:26.421]  INFO 26844 --- [  restartedMain] o.a.c.c.C.[.[.[/]                        : Initializing Spring embedded WebApplicationContext
[2024-06-19 15:39:26.422]  INFO 26844 --- [  restartedMain] w.s.c.ServletWebServerApplicationContext : Root WebApplicationContext: initialization completed in 1119 ms
[2024-06-19 15:39:26.444]  INFO 26844 --- [  restartedMain] c.z.h.HikariDataSource                   : HikariPool-1 - Starting...
[2024-06-19 15:39:26.510]  INFO 26844 --- [  restartedMain] c.z.h.p.HikariPool                       : HikariPool-1 - Added connection org.mariadb.jdbc.Connection@7216cdd
[2024-06-19 15:39:26.511]  INFO 26844 --- [  restartedMain] c.z.h.HikariDataSource                   : HikariPool-1 - Start completed.
[2024-06-19 15:39:26.521]  INFO 26844 --- [  restartedMain] o.s.b.a.h.H2ConsoleAutoConfiguration     : H2 console available at '/h2-console'. Database available at 'jdbc:mariadb://localhost/webtoonBoot?user=root&password=***&serverTimezone=UTC&characterEncoding=UTF-8&createDatabaseIfNotExist=true'
[2024-06-19 15:39:26.560]  WARN 26844 --- [  restartedMain] o.a.c.c.C.[.[.[/]                        : Cannot deserialize session attribute [cartMap] for session [8400B9826F217C409C673DB8E090D48C]
[2024-06-19 15:39:26.627]  INFO 26844 --- [  restartedMain] o.h.j.i.u.LogHelper                      : HHH000204: Processing PersistenceUnitInfo [name: default]
[2024-06-19 15:39:26.671]  INFO 26844 --- [  restartedMain] o.h.Version                              : HHH000412: Hibernate ORM core version 6.2.22.Final
[2024-06-19 15:39:26.673]  INFO 26844 --- [  restartedMain] o.h.c.Environment                        : HHH000406: Using bytecode reflection optimizer
[2024-06-19 15:39:26.889]  INFO 26844 --- [  restartedMain] o.s.o.j.p.SpringPersistenceUnitInfo      : No LoadTimeWeaver setup: ignoring JPA class transformer
[2024-06-19 15:39:26.934]  WARN 26844 --- [  restartedMain] o.h.d.Dialect                            : HHH000511: The 10.1.0 version for [org.hibernate.dialect.MariaDBDialect] is no longer supported, hence certain features may not work properly. The minimum supported version is 10.3.0. Check the community dialects project for available legacy versions.
[2024-06-19 15:39:27.167]  INFO 26844 --- [  restartedMain] o.h.e.t.j.p.i.JtaPlatformInitiator       : HHH000489: No JTA platform available (set 'hibernate.transaction.jta.platform' to enable JTA platform integration)
[2024-06-19 15:39:27.171]  INFO 26844 --- [  restartedMain] j.LocalContainerEntityManagerFactoryBean : Initialized JPA EntityManagerFactory for persistence unit 'default'
[2024-06-19 15:39:27.478]  WARN 26844 --- [  restartedMain] JpaBaseConfiguration$JpaWebConfiguration : spring.jpa.open-in-view is enabled by default. Therefore, database queries may be performed during view rendering. Explicitly configure spring.jpa.open-in-view to disable this warning
[2024-06-19 15:39:27.815]  INFO 26844 --- [  restartedMain] o.s.b.d.a.OptionalLiveReloadServer       : LiveReload server is running on port 35729
[2024-06-19 15:39:27.827]  INFO 26844 --- [  restartedMain] o.a.c.h.Http11NioProtocol                : Starting ProtocolHandler ["http-nio-8060"]
[2024-06-19 15:39:27.851]  INFO 26844 --- [  restartedMain] o.s.b.w.e.t.TomcatWebServer              : Tomcat started on port(s): 8060 (http) with context path ''
[2024-06-19 15:39:27.858]  INFO 26844 --- [  restartedMain] c.w.WebtoonBootCafe24Application         : Started WebtoonBootCafe24Application in 2.988 seconds (process running for 3.847)
[2024-06-19 15:39:29.010]  INFO 26844 --- [nio-8060-exec-2] o.a.c.c.C.[.[.[/]                        : Initializing Spring DispatcherServlet 'dispatcherServlet'
[2024-06-19 15:39:29.011]  INFO 26844 --- [nio-8060-exec-2] o.s.w.s.DispatcherServlet                : Initializing Servlet 'dispatcherServlet'
[2024-06-19 15:39:29.011]  INFO 26844 --- [nio-8060-exec-2] o.s.w.s.DispatcherServlet                : Completed initialization in 0 ms
